{"/home/meki/Desktop/BIT/webfullstackf2f/backend-healthwatch/index.js": {"path":"/home/meki/Desktop/BIT/webfullstackf2f/backend-healthwatch/index.js","statementMap":{"0":{"start":{"line":1,"column":16},"end":{"line":1,"column":34}},"1":{"start":{"line":2,"column":19},"end":{"line":2,"column":41}},"2":{"start":{"line":5,"column":12},"end":{"line":5,"column":21}},"3":{"start":{"line":8,"column":15},"end":{"line":8,"column":32}},"4":{"start":{"line":11,"column":13},"end":{"line":11,"column":28}},"5":{"start":{"line":13,"column":13},"end":{"line":13,"column":28}},"6":{"start":{"line":15,"column":12},"end":{"line":15,"column":42}},"7":{"start":{"line":17,"column":0},"end":{"line":17,"column":16}},"8":{"start":{"line":18,"column":13},"end":{"line":18,"column":29}},"9":{"start":{"line":19,"column":24},"end":{"line":19,"column":46}},"10":{"start":{"line":20,"column":0},"end":{"line":20,"column":17}},"11":{"start":{"line":26,"column":0},"end":{"line":26,"column":45}},"12":{"start":{"line":31,"column":0},"end":{"line":31,"column":48}},"13":{"start":{"line":34,"column":0},"end":{"line":34,"column":15}},"14":{"start":{"line":38,"column":0},"end":{"line":38,"column":17}},"15":{"start":{"line":52,"column":0},"end":{"line":52,"column":20}}},"fnMap":{},"branchMap":{},"s":{"0":4,"1":4,"2":4,"3":4,"4":4,"5":4,"6":4,"7":4,"8":4,"9":4,"10":4,"11":4,"12":4,"13":4,"14":4,"15":4},"f":{},"b":{},"_coverageSchema":"1a1c01bbd47fc00a2c39e90264f33305004495a9","hash":"9db54f5a4e098b8e5903a10d48dd9d4234e5f9c4"}
,"/home/meki/Desktop/BIT/webfullstackf2f/backend-healthwatch/controllers/alert.controller.js": {"path":"/home/meki/Desktop/BIT/webfullstackf2f/backend-healthwatch/controllers/alert.controller.js","statementMap":{"0":{"start":{"line":1,"column":14},"end":{"line":1,"column":40}},"1":{"start":{"line":4,"column":20},"end":{"line":35,"column":1}},"2":{"start":{"line":5,"column":107},"end":{"line":5,"column":115}},"3":{"start":{"line":6,"column":4},"end":{"line":34,"column":5}},"4":{"start":{"line":7,"column":22},"end":{"line":7,"column":71}},"5":{"start":{"line":8,"column":8},"end":{"line":11,"column":10}},"6":{"start":{"line":8,"column":19},"end":{"line":11,"column":10}},"7":{"start":{"line":13,"column":24},"end":{"line":21,"column":10}},"8":{"start":{"line":23,"column":8},"end":{"line":23,"column":28}},"9":{"start":{"line":24,"column":8},"end":{"line":27,"column":10}},"10":{"start":{"line":29,"column":8},"end":{"line":29,"column":26}},"11":{"start":{"line":30,"column":8},"end":{"line":33,"column":10}},"12":{"start":{"line":38,"column":21},"end":{"line":53,"column":1}},"13":{"start":{"line":39,"column":4},"end":{"line":52,"column":5}},"14":{"start":{"line":40,"column":23},"end":{"line":40,"column":41}},"15":{"start":{"line":41,"column":8},"end":{"line":45,"column":10}},"16":{"start":{"line":47,"column":8},"end":{"line":47,"column":26}},"17":{"start":{"line":48,"column":8},"end":{"line":51,"column":10}},"18":{"start":{"line":56,"column":21},"end":{"line":76,"column":1}},"19":{"start":{"line":57,"column":15},"end":{"line":57,"column":28}},"20":{"start":{"line":58,"column":4},"end":{"line":75,"column":5}},"21":{"start":{"line":59,"column":22},"end":{"line":59,"column":53}},"22":{"start":{"line":60,"column":8},"end":{"line":63,"column":10}},"23":{"start":{"line":60,"column":19},"end":{"line":63,"column":10}},"24":{"start":{"line":64,"column":8},"end":{"line":68,"column":10}},"25":{"start":{"line":70,"column":8},"end":{"line":70,"column":26}},"26":{"start":{"line":71,"column":8},"end":{"line":74,"column":10}},"27":{"start":{"line":79,"column":24},"end":{"line":100,"column":1}},"28":{"start":{"line":80,"column":19},"end":{"line":80,"column":29}},"29":{"start":{"line":81,"column":4},"end":{"line":99,"column":5}},"30":{"start":{"line":82,"column":22},"end":{"line":82,"column":55}},"31":{"start":{"line":83,"column":8},"end":{"line":86,"column":10}},"32":{"start":{"line":83,"column":20},"end":{"line":86,"column":10}},"33":{"start":{"line":87,"column":8},"end":{"line":91,"column":10}},"34":{"start":{"line":94,"column":8},"end":{"line":94,"column":26}},"35":{"start":{"line":95,"column":8},"end":{"line":98,"column":10}},"36":{"start":{"line":103,"column":24},"end":{"line":133,"column":1}},"37":{"start":{"line":104,"column":19},"end":{"line":104,"column":29}},"38":{"start":{"line":105,"column":85},"end":{"line":105,"column":93}},"39":{"start":{"line":106,"column":4},"end":{"line":132,"column":5}},"40":{"start":{"line":107,"column":31},"end":{"line":107,"column":33}},"41":{"start":{"line":108,"column":8},"end":{"line":108,"column":65}},"42":{"start":{"line":108,"column":24},"end":{"line":108,"column":65}},"43":{"start":{"line":109,"column":8},"end":{"line":109,"column":77}},"44":{"start":{"line":109,"column":28},"end":{"line":109,"column":77}},"45":{"start":{"line":110,"column":8},"end":{"line":110,"column":83}},"46":{"start":{"line":110,"column":30},"end":{"line":110,"column":83}},"47":{"start":{"line":111,"column":8},"end":{"line":111,"column":59}},"48":{"start":{"line":111,"column":22},"end":{"line":111,"column":59}},"49":{"start":{"line":112,"column":8},"end":{"line":112,"column":59}},"50":{"start":{"line":112,"column":22},"end":{"line":112,"column":59}},"51":{"start":{"line":113,"column":8},"end":{"line":113,"column":35}},"52":{"start":{"line":114,"column":22},"end":{"line":114,"column":71}},"53":{"start":{"line":115,"column":8},"end":{"line":118,"column":10}},"54":{"start":{"line":115,"column":20},"end":{"line":118,"column":10}},"55":{"start":{"line":119,"column":28},"end":{"line":119,"column":52}},"56":{"start":{"line":120,"column":8},"end":{"line":124,"column":10}},"57":{"start":{"line":127,"column":8},"end":{"line":127,"column":26}},"58":{"start":{"line":128,"column":8},"end":{"line":131,"column":10}},"59":{"start":{"line":137,"column":29},"end":{"line":158,"column":1}},"60":{"start":{"line":138,"column":26},"end":{"line":138,"column":36}},"61":{"start":{"line":139,"column":4},"end":{"line":139,"column":26}},"62":{"start":{"line":140,"column":4},"end":{"line":157,"column":5}},"63":{"start":{"line":141,"column":23},"end":{"line":141,"column":63}},"64":{"start":{"line":142,"column":8},"end":{"line":145,"column":10}},"65":{"start":{"line":142,"column":20},"end":{"line":145,"column":10}},"66":{"start":{"line":146,"column":8},"end":{"line":150,"column":10}},"67":{"start":{"line":152,"column":8},"end":{"line":152,"column":26}},"68":{"start":{"line":153,"column":8},"end":{"line":156,"column":10}},"69":{"start":{"line":161,"column":0},"end":{"line":168,"column":1}}},"fnMap":{"0":{"name":"(anonymous_0)","decl":{"start":{"line":4,"column":20},"end":{"line":4,"column":21}},"loc":{"start":{"line":4,"column":40},"end":{"line":35,"column":1}},"line":4},"1":{"name":"(anonymous_1)","decl":{"start":{"line":38,"column":21},"end":{"line":38,"column":22}},"loc":{"start":{"line":38,"column":41},"end":{"line":53,"column":1}},"line":38},"2":{"name":"(anonymous_2)","decl":{"start":{"line":56,"column":21},"end":{"line":56,"column":22}},"loc":{"start":{"line":56,"column":40},"end":{"line":76,"column":1}},"line":56},"3":{"name":"(anonymous_3)","decl":{"start":{"line":79,"column":24},"end":{"line":79,"column":25}},"loc":{"start":{"line":79,"column":43},"end":{"line":100,"column":1}},"line":79},"4":{"name":"(anonymous_4)","decl":{"start":{"line":103,"column":24},"end":{"line":103,"column":25}},"loc":{"start":{"line":103,"column":43},"end":{"line":133,"column":1}},"line":103},"5":{"name":"(anonymous_5)","decl":{"start":{"line":137,"column":29},"end":{"line":137,"column":30}},"loc":{"start":{"line":137,"column":48},"end":{"line":158,"column":1}},"line":137}},"branchMap":{"0":{"loc":{"start":{"line":8,"column":8},"end":{"line":11,"column":10}},"type":"if","locations":[{"start":{"line":8,"column":8},"end":{"line":11,"column":10}},{"start":{},"end":{}}],"line":8},"1":{"loc":{"start":{"line":60,"column":8},"end":{"line":63,"column":10}},"type":"if","locations":[{"start":{"line":60,"column":8},"end":{"line":63,"column":10}},{"start":{},"end":{}}],"line":60},"2":{"loc":{"start":{"line":83,"column":8},"end":{"line":86,"column":10}},"type":"if","locations":[{"start":{"line":83,"column":8},"end":{"line":86,"column":10}},{"start":{},"end":{}}],"line":83},"3":{"loc":{"start":{"line":108,"column":8},"end":{"line":108,"column":65}},"type":"if","locations":[{"start":{"line":108,"column":8},"end":{"line":108,"column":65}},{"start":{},"end":{}}],"line":108},"4":{"loc":{"start":{"line":109,"column":8},"end":{"line":109,"column":77}},"type":"if","locations":[{"start":{"line":109,"column":8},"end":{"line":109,"column":77}},{"start":{},"end":{}}],"line":109},"5":{"loc":{"start":{"line":110,"column":8},"end":{"line":110,"column":83}},"type":"if","locations":[{"start":{"line":110,"column":8},"end":{"line":110,"column":83}},{"start":{},"end":{}}],"line":110},"6":{"loc":{"start":{"line":111,"column":8},"end":{"line":111,"column":59}},"type":"if","locations":[{"start":{"line":111,"column":8},"end":{"line":111,"column":59}},{"start":{},"end":{}}],"line":111},"7":{"loc":{"start":{"line":112,"column":8},"end":{"line":112,"column":59}},"type":"if","locations":[{"start":{"line":112,"column":8},"end":{"line":112,"column":59}},{"start":{},"end":{}}],"line":112},"8":{"loc":{"start":{"line":115,"column":8},"end":{"line":118,"column":10}},"type":"if","locations":[{"start":{"line":115,"column":8},"end":{"line":118,"column":10}},{"start":{},"end":{}}],"line":115},"9":{"loc":{"start":{"line":142,"column":8},"end":{"line":145,"column":10}},"type":"if","locations":[{"start":{"line":142,"column":8},"end":{"line":145,"column":10}},{"start":{},"end":{}}],"line":142}},"s":{"0":4,"1":4,"2":0,"3":0,"4":0,"5":0,"6":0,"7":0,"8":0,"9":0,"10":0,"11":0,"12":4,"13":0,"14":0,"15":0,"16":0,"17":0,"18":4,"19":0,"20":0,"21":0,"22":0,"23":0,"24":0,"25":0,"26":0,"27":4,"28":0,"29":0,"30":0,"31":0,"32":0,"33":0,"34":0,"35":0,"36":4,"37":0,"38":0,"39":0,"40":0,"41":0,"42":0,"43":0,"44":0,"45":0,"46":0,"47":0,"48":0,"49":0,"50":0,"51":0,"52":0,"53":0,"54":0,"55":0,"56":0,"57":0,"58":0,"59":4,"60":0,"61":0,"62":0,"63":0,"64":0,"65":0,"66":0,"67":0,"68":0,"69":4},"f":{"0":0,"1":0,"2":0,"3":0,"4":0,"5":0},"b":{"0":[0,0],"1":[0,0],"2":[0,0],"3":[0,0],"4":[0,0],"5":[0,0],"6":[0,0],"7":[0,0],"8":[0,0],"9":[0,0]},"_coverageSchema":"1a1c01bbd47fc00a2c39e90264f33305004495a9","hash":"1d0f1cf0d3ad758a3ffa99790c7dc621faf3fa54"}
,"/home/meki/Desktop/BIT/webfullstackf2f/backend-healthwatch/controllers/bancoSangre.controller.js": {"path":"/home/meki/Desktop/BIT/webfullstackf2f/backend-healthwatch/controllers/bancoSangre.controller.js","statementMap":{"0":{"start":{"line":3,"column":21},"end":{"line":3,"column":53}},"1":{"start":{"line":5,"column":26},"end":{"line":53,"column":1}},"2":{"start":{"line":7,"column":25},"end":{"line":7,"column":51}},"3":{"start":{"line":8,"column":4},"end":{"line":8,"column":50}},"4":{"start":{"line":9,"column":4},"end":{"line":52,"column":5}},"5":{"start":{"line":11,"column":8},"end":{"line":11,"column":118}},"6":{"start":{"line":12,"column":8},"end":{"line":16,"column":14}},"7":{"start":{"line":13,"column":12},"end":{"line":16,"column":14}},"8":{"start":{"line":18,"column":8},"end":{"line":22,"column":14}},"9":{"start":{"line":19,"column":12},"end":{"line":22,"column":14}},"10":{"start":{"line":23,"column":31},"end":{"line":23,"column":134}},"11":{"start":{"line":24,"column":8},"end":{"line":24,"column":35}},"12":{"start":{"line":25,"column":8},"end":{"line":39,"column":9}},"13":{"start":{"line":26,"column":30},"end":{"line":31,"column":14}},"14":{"start":{"line":32,"column":12},"end":{"line":38,"column":15}},"15":{"start":{"line":32,"column":28},"end":{"line":35,"column":14}},"16":{"start":{"line":35,"column":21},"end":{"line":38,"column":15}},"17":{"start":{"line":40,"column":8},"end":{"line":40,"column":34}},"18":{"start":{"line":41,"column":8},"end":{"line":44,"column":10}},"19":{"start":{"line":47,"column":8},"end":{"line":47,"column":65}},"20":{"start":{"line":48,"column":8},"end":{"line":51,"column":10}},"21":{"start":{"line":55,"column":26},"end":{"line":97,"column":1}},"22":{"start":{"line":57,"column":25},"end":{"line":57,"column":51}},"23":{"start":{"line":59,"column":4},"end":{"line":96,"column":5}},"24":{"start":{"line":60,"column":8},"end":{"line":60,"column":118}},"25":{"start":{"line":61,"column":8},"end":{"line":65,"column":14}},"26":{"start":{"line":62,"column":12},"end":{"line":65,"column":14}},"27":{"start":{"line":66,"column":8},"end":{"line":70,"column":14}},"28":{"start":{"line":67,"column":12},"end":{"line":70,"column":14}},"29":{"start":{"line":71,"column":24},"end":{"line":76,"column":10}},"30":{"start":{"line":77,"column":8},"end":{"line":81,"column":14}},"31":{"start":{"line":78,"column":12},"end":{"line":81,"column":14}},"32":{"start":{"line":82,"column":8},"end":{"line":89,"column":9}},"33":{"start":{"line":83,"column":12},"end":{"line":83,"column":43}},"34":{"start":{"line":84,"column":12},"end":{"line":84,"column":38}},"35":{"start":{"line":85,"column":12},"end":{"line":88,"column":14}},"36":{"start":{"line":91,"column":8},"end":{"line":91,"column":57}},"37":{"start":{"line":92,"column":8},"end":{"line":95,"column":10}},"38":{"start":{"line":100,"column":33},"end":{"line":128,"column":1}},"39":{"start":{"line":101,"column":4},"end":{"line":127,"column":5}},"40":{"start":{"line":103,"column":29},"end":{"line":103,"column":54}},"41":{"start":{"line":104,"column":8},"end":{"line":104,"column":93}},"42":{"start":{"line":105,"column":8},"end":{"line":120,"column":5}},"43":{"start":{"line":106,"column":29},"end":{"line":106,"column":78}},"44":{"start":{"line":108,"column":21},"end":{"line":108,"column":29}},"45":{"start":{"line":109,"column":8},"end":{"line":113,"column":10}},"46":{"start":{"line":116,"column":8},"end":{"line":119,"column":11}},"47":{"start":{"line":122,"column":8},"end":{"line":122,"column":120}},"48":{"start":{"line":123,"column":8},"end":{"line":126,"column":10}},"49":{"start":{"line":131,"column":0},"end":{"line":135,"column":1}}},"fnMap":{"0":{"name":"(anonymous_0)","decl":{"start":{"line":5,"column":26},"end":{"line":5,"column":27}},"loc":{"start":{"line":5,"column":46},"end":{"line":53,"column":1}},"line":5},"1":{"name":"(anonymous_1)","decl":{"start":{"line":55,"column":26},"end":{"line":55,"column":27}},"loc":{"start":{"line":55,"column":46},"end":{"line":97,"column":1}},"line":55},"2":{"name":"(anonymous_2)","decl":{"start":{"line":100,"column":33},"end":{"line":100,"column":34}},"loc":{"start":{"line":100,"column":53},"end":{"line":128,"column":1}},"line":100}},"branchMap":{"0":{"loc":{"start":{"line":12,"column":8},"end":{"line":16,"column":14}},"type":"if","locations":[{"start":{"line":12,"column":8},"end":{"line":16,"column":14}},{"start":{},"end":{}}],"line":12},"1":{"loc":{"start":{"line":18,"column":8},"end":{"line":22,"column":14}},"type":"if","locations":[{"start":{"line":18,"column":8},"end":{"line":22,"column":14}},{"start":{},"end":{}}],"line":18},"2":{"loc":{"start":{"line":25,"column":8},"end":{"line":39,"column":9}},"type":"if","locations":[{"start":{"line":25,"column":8},"end":{"line":39,"column":9}},{"start":{},"end":{}}],"line":25},"3":{"loc":{"start":{"line":32,"column":12},"end":{"line":38,"column":15}},"type":"if","locations":[{"start":{"line":32,"column":12},"end":{"line":38,"column":15}},{"start":{"line":35,"column":21},"end":{"line":38,"column":15}}],"line":32},"4":{"loc":{"start":{"line":61,"column":8},"end":{"line":65,"column":14}},"type":"if","locations":[{"start":{"line":61,"column":8},"end":{"line":65,"column":14}},{"start":{},"end":{}}],"line":61},"5":{"loc":{"start":{"line":66,"column":8},"end":{"line":70,"column":14}},"type":"if","locations":[{"start":{"line":66,"column":8},"end":{"line":70,"column":14}},{"start":{},"end":{}}],"line":66},"6":{"loc":{"start":{"line":77,"column":8},"end":{"line":81,"column":14}},"type":"if","locations":[{"start":{"line":77,"column":8},"end":{"line":81,"column":14}},{"start":{},"end":{}}],"line":77},"7":{"loc":{"start":{"line":82,"column":8},"end":{"line":89,"column":9}},"type":"if","locations":[{"start":{"line":82,"column":8},"end":{"line":89,"column":9}},{"start":{},"end":{}}],"line":82},"8":{"loc":{"start":{"line":105,"column":8},"end":{"line":120,"column":5}},"type":"if","locations":[{"start":{"line":105,"column":8},"end":{"line":120,"column":5}},{"start":{"line":115,"column":9},"end":{"line":120,"column":5}}],"line":105},"9":{"loc":{"start":{"line":105,"column":11},"end":{"line":105,"column":50}},"type":"binary-expr","locations":[{"start":{"line":105,"column":11},"end":{"line":105,"column":23}},{"start":{"line":105,"column":27},"end":{"line":105,"column":50}}],"line":105}},"s":{"0":4,"1":4,"2":4,"3":4,"4":4,"5":4,"6":4,"7":1,"8":3,"9":1,"10":2,"11":2,"12":2,"13":1,"14":1,"15":1,"16":0,"17":1,"18":1,"19":0,"20":0,"21":4,"22":3,"23":3,"24":3,"25":3,"26":1,"27":2,"28":1,"29":1,"30":1,"31":0,"32":1,"33":1,"34":1,"35":1,"36":0,"37":0,"38":4,"39":2,"40":2,"41":2,"42":2,"43":1,"44":1,"45":1,"46":1,"47":0,"48":0,"49":4},"f":{"0":4,"1":3,"2":2},"b":{"0":[1,3],"1":[1,2],"2":[1,1],"3":[1,0],"4":[1,2],"5":[1,1],"6":[0,1],"7":[1,0],"8":[1,1],"9":[2,2]},"_coverageSchema":"1a1c01bbd47fc00a2c39e90264f33305004495a9","hash":"1810780395979c764329852757cbf8efe4f4069c"}
,"/home/meki/Desktop/BIT/webfullstackf2f/backend-healthwatch/controllers/collectionsController.js": {"path":"/home/meki/Desktop/BIT/webfullstackf2f/backend-healthwatch/controllers/collectionsController.js","statementMap":{"0":{"start":{"line":1,"column":17},"end":{"line":1,"column":36}},"1":{"start":{"line":4,"column":20},"end":{"line":14,"column":1}},"2":{"start":{"line":17,"column":27},"end":{"line":85,"column":1}},"3":{"start":{"line":18,"column":4},"end":{"line":84,"column":5}},"4":{"start":{"line":19,"column":24},"end":{"line":78,"column":11}},"5":{"start":{"line":20,"column":31},"end":{"line":20,"column":77}},"6":{"start":{"line":22,"column":23},"end":{"line":64,"column":7}},"7":{"start":{"line":66,"column":23},"end":{"line":66,"column":69}},"8":{"start":{"line":68,"column":12},"end":{"line":75,"column":13}},"9":{"start":{"line":69,"column":16},"end":{"line":74,"column":18}},"10":{"start":{"line":77,"column":12},"end":{"line":77,"column":26}},"11":{"start":{"line":80,"column":8},"end":{"line":80,"column":26}},"12":{"start":{"line":82,"column":8},"end":{"line":82,"column":29}},"13":{"start":{"line":83,"column":8},"end":{"line":83,"column":98}},"14":{"start":{"line":86,"column":0},"end":{"line":88,"column":2}}},"fnMap":{"0":{"name":"(anonymous_0)","decl":{"start":{"line":17,"column":27},"end":{"line":17,"column":28}},"loc":{"start":{"line":17,"column":47},"end":{"line":85,"column":1}},"line":17},"1":{"name":"(anonymous_1)","decl":{"start":{"line":19,"column":58},"end":{"line":19,"column":59}},"loc":{"start":{"line":19,"column":84},"end":{"line":78,"column":9}},"line":19}},"branchMap":{"0":{"loc":{"start":{"line":22,"column":23},"end":{"line":64,"column":7}},"type":"cond-expr","locations":[{"start":{"line":22,"column":50},"end":{"line":43,"column":7}},{"start":{"line":43,"column":10},"end":{"line":64,"column":7}}],"line":22},"1":{"loc":{"start":{"line":68,"column":12},"end":{"line":75,"column":13}},"type":"if","locations":[{"start":{"line":68,"column":12},"end":{"line":75,"column":13}},{"start":{},"end":{}}],"line":68}},"s":{"0":4,"1":4,"2":4,"3":0,"4":0,"5":0,"6":0,"7":0,"8":0,"9":0,"10":0,"11":0,"12":0,"13":0,"14":4},"f":{"0":0,"1":0},"b":{"0":[0,0],"1":[0,0]},"_coverageSchema":"1a1c01bbd47fc00a2c39e90264f33305004495a9","hash":"e858a6c48eebd802ee019741662f5d9ead5078c0"}
,"/home/meki/Desktop/BIT/webfullstackf2f/backend-healthwatch/controllers/consultorioMedico.controller.js": {"path":"/home/meki/Desktop/BIT/webfullstackf2f/backend-healthwatch/controllers/consultorioMedico.controller.js","statementMap":{"0":{"start":{"line":3,"column":27},"end":{"line":3,"column":65}},"1":{"start":{"line":5,"column":32},"end":{"line":53,"column":1}},"2":{"start":{"line":7,"column":25},"end":{"line":7,"column":57}},"3":{"start":{"line":9,"column":4},"end":{"line":52,"column":5}},"4":{"start":{"line":10,"column":8},"end":{"line":10,"column":118}},"5":{"start":{"line":11,"column":8},"end":{"line":15,"column":14}},"6":{"start":{"line":12,"column":12},"end":{"line":15,"column":14}},"7":{"start":{"line":16,"column":8},"end":{"line":20,"column":14}},"8":{"start":{"line":17,"column":12},"end":{"line":20,"column":14}},"9":{"start":{"line":21,"column":31},"end":{"line":21,"column":126}},"10":{"start":{"line":22,"column":8},"end":{"line":22,"column":35}},"11":{"start":{"line":23,"column":8},"end":{"line":38,"column":9}},"12":{"start":{"line":24,"column":30},"end":{"line":29,"column":14}},"13":{"start":{"line":30,"column":12},"end":{"line":37,"column":14}},"14":{"start":{"line":30,"column":27},"end":{"line":33,"column":14}},"15":{"start":{"line":34,"column":18},"end":{"line":37,"column":14}},"16":{"start":{"line":40,"column":8},"end":{"line":40,"column":34}},"17":{"start":{"line":41,"column":8},"end":{"line":44,"column":10}},"18":{"start":{"line":47,"column":8},"end":{"line":47,"column":65}},"19":{"start":{"line":48,"column":8},"end":{"line":51,"column":10}},"20":{"start":{"line":55,"column":32},"end":{"line":97,"column":1}},"21":{"start":{"line":57,"column":25},"end":{"line":57,"column":57}},"22":{"start":{"line":59,"column":4},"end":{"line":96,"column":5}},"23":{"start":{"line":60,"column":8},"end":{"line":60,"column":118}},"24":{"start":{"line":61,"column":8},"end":{"line":65,"column":14}},"25":{"start":{"line":62,"column":12},"end":{"line":65,"column":14}},"26":{"start":{"line":66,"column":8},"end":{"line":70,"column":14}},"27":{"start":{"line":67,"column":12},"end":{"line":70,"column":14}},"28":{"start":{"line":71,"column":24},"end":{"line":76,"column":10}},"29":{"start":{"line":77,"column":8},"end":{"line":81,"column":14}},"30":{"start":{"line":78,"column":12},"end":{"line":81,"column":14}},"31":{"start":{"line":82,"column":8},"end":{"line":89,"column":9}},"32":{"start":{"line":83,"column":12},"end":{"line":83,"column":49}},"33":{"start":{"line":84,"column":12},"end":{"line":84,"column":38}},"34":{"start":{"line":85,"column":12},"end":{"line":88,"column":14}},"35":{"start":{"line":91,"column":8},"end":{"line":91,"column":57}},"36":{"start":{"line":92,"column":8},"end":{"line":95,"column":10}},"37":{"start":{"line":100,"column":39},"end":{"line":125,"column":1}},"38":{"start":{"line":101,"column":4},"end":{"line":124,"column":5}},"39":{"start":{"line":102,"column":35},"end":{"line":102,"column":66}},"40":{"start":{"line":103,"column":8},"end":{"line":107,"column":15}},"41":{"start":{"line":104,"column":12},"end":{"line":107,"column":15}},"42":{"start":{"line":110,"column":27},"end":{"line":110,"column":111}},"43":{"start":{"line":112,"column":21},"end":{"line":112,"column":38}},"44":{"start":{"line":113,"column":8},"end":{"line":117,"column":10}},"45":{"start":{"line":119,"column":8},"end":{"line":119,"column":132}},"46":{"start":{"line":120,"column":8},"end":{"line":123,"column":10}},"47":{"start":{"line":128,"column":0},"end":{"line":132,"column":1}}},"fnMap":{"0":{"name":"(anonymous_0)","decl":{"start":{"line":5,"column":32},"end":{"line":5,"column":33}},"loc":{"start":{"line":5,"column":52},"end":{"line":53,"column":1}},"line":5},"1":{"name":"(anonymous_1)","decl":{"start":{"line":55,"column":32},"end":{"line":55,"column":33}},"loc":{"start":{"line":55,"column":52},"end":{"line":97,"column":1}},"line":55},"2":{"name":"(anonymous_2)","decl":{"start":{"line":100,"column":39},"end":{"line":100,"column":40}},"loc":{"start":{"line":100,"column":59},"end":{"line":125,"column":1}},"line":100}},"branchMap":{"0":{"loc":{"start":{"line":11,"column":8},"end":{"line":15,"column":14}},"type":"if","locations":[{"start":{"line":11,"column":8},"end":{"line":15,"column":14}},{"start":{},"end":{}}],"line":11},"1":{"loc":{"start":{"line":16,"column":8},"end":{"line":20,"column":14}},"type":"if","locations":[{"start":{"line":16,"column":8},"end":{"line":20,"column":14}},{"start":{},"end":{}}],"line":16},"2":{"loc":{"start":{"line":23,"column":8},"end":{"line":38,"column":9}},"type":"if","locations":[{"start":{"line":23,"column":8},"end":{"line":38,"column":9}},{"start":{},"end":{}}],"line":23},"3":{"loc":{"start":{"line":30,"column":12},"end":{"line":37,"column":14}},"type":"if","locations":[{"start":{"line":30,"column":12},"end":{"line":37,"column":14}},{"start":{"line":34,"column":18},"end":{"line":37,"column":14}}],"line":30},"4":{"loc":{"start":{"line":61,"column":8},"end":{"line":65,"column":14}},"type":"if","locations":[{"start":{"line":61,"column":8},"end":{"line":65,"column":14}},{"start":{},"end":{}}],"line":61},"5":{"loc":{"start":{"line":66,"column":8},"end":{"line":70,"column":14}},"type":"if","locations":[{"start":{"line":66,"column":8},"end":{"line":70,"column":14}},{"start":{},"end":{}}],"line":66},"6":{"loc":{"start":{"line":77,"column":8},"end":{"line":81,"column":14}},"type":"if","locations":[{"start":{"line":77,"column":8},"end":{"line":81,"column":14}},{"start":{},"end":{}}],"line":77},"7":{"loc":{"start":{"line":82,"column":8},"end":{"line":89,"column":9}},"type":"if","locations":[{"start":{"line":82,"column":8},"end":{"line":89,"column":9}},{"start":{},"end":{}}],"line":82},"8":{"loc":{"start":{"line":103,"column":8},"end":{"line":107,"column":15}},"type":"if","locations":[{"start":{"line":103,"column":8},"end":{"line":107,"column":15}},{"start":{},"end":{}}],"line":103},"9":{"loc":{"start":{"line":103,"column":11},"end":{"line":103,"column":90}},"type":"binary-expr","locations":[{"start":{"line":103,"column":11},"end":{"line":103,"column":30}},{"start":{"line":103,"column":36},"end":{"line":103,"column":54}},{"start":{"line":103,"column":58},"end":{"line":103,"column":88}}],"line":103}},"s":{"0":4,"1":4,"2":4,"3":4,"4":4,"5":4,"6":1,"7":3,"8":1,"9":2,"10":2,"11":2,"12":1,"13":1,"14":1,"15":0,"16":1,"17":1,"18":0,"19":0,"20":4,"21":3,"22":3,"23":3,"24":3,"25":1,"26":2,"27":1,"28":1,"29":1,"30":0,"31":1,"32":1,"33":1,"34":1,"35":0,"36":0,"37":4,"38":2,"39":2,"40":2,"41":1,"42":1,"43":1,"44":1,"45":0,"46":0,"47":4},"f":{"0":4,"1":3,"2":2},"b":{"0":[1,3],"1":[1,2],"2":[1,1],"3":[1,0],"4":[1,2],"5":[1,1],"6":[0,1],"7":[1,0],"8":[1,1],"9":[2,2,2]},"_coverageSchema":"1a1c01bbd47fc00a2c39e90264f33305004495a9","hash":"4ec9df5d3ff478e4334984edabb970d6a47ca1b9"}
,"/home/meki/Desktop/BIT/webfullstackf2f/backend-healthwatch/controllers/entidadFarmaceutica.controller.js": {"path":"/home/meki/Desktop/BIT/webfullstackf2f/backend-healthwatch/controllers/entidadFarmaceutica.controller.js","statementMap":{"0":{"start":{"line":3,"column":30},"end":{"line":3,"column":70}},"1":{"start":{"line":5,"column":34},"end":{"line":53,"column":1}},"2":{"start":{"line":7,"column":25},"end":{"line":7,"column":60}},"3":{"start":{"line":9,"column":4},"end":{"line":52,"column":5}},"4":{"start":{"line":10,"column":8},"end":{"line":10,"column":118}},"5":{"start":{"line":11,"column":8},"end":{"line":15,"column":14}},"6":{"start":{"line":12,"column":12},"end":{"line":15,"column":14}},"7":{"start":{"line":16,"column":8},"end":{"line":20,"column":14}},"8":{"start":{"line":17,"column":12},"end":{"line":20,"column":14}},"9":{"start":{"line":21,"column":31},"end":{"line":21,"column":129}},"10":{"start":{"line":22,"column":8},"end":{"line":22,"column":35}},"11":{"start":{"line":23,"column":8},"end":{"line":34,"column":9}},"12":{"start":{"line":24,"column":30},"end":{"line":29,"column":14}},"13":{"start":{"line":30,"column":12},"end":{"line":33,"column":14}},"14":{"start":{"line":30,"column":27},"end":{"line":33,"column":14}},"15":{"start":{"line":35,"column":8},"end":{"line":38,"column":10}},"16":{"start":{"line":35,"column":33},"end":{"line":38,"column":10}},"17":{"start":{"line":40,"column":8},"end":{"line":40,"column":34}},"18":{"start":{"line":41,"column":8},"end":{"line":44,"column":10}},"19":{"start":{"line":47,"column":8},"end":{"line":47,"column":65}},"20":{"start":{"line":48,"column":8},"end":{"line":51,"column":10}},"21":{"start":{"line":55,"column":34},"end":{"line":97,"column":1}},"22":{"start":{"line":57,"column":25},"end":{"line":57,"column":60}},"23":{"start":{"line":59,"column":4},"end":{"line":96,"column":5}},"24":{"start":{"line":60,"column":8},"end":{"line":60,"column":118}},"25":{"start":{"line":61,"column":8},"end":{"line":65,"column":14}},"26":{"start":{"line":62,"column":12},"end":{"line":65,"column":14}},"27":{"start":{"line":66,"column":8},"end":{"line":70,"column":14}},"28":{"start":{"line":67,"column":12},"end":{"line":70,"column":14}},"29":{"start":{"line":71,"column":24},"end":{"line":76,"column":10}},"30":{"start":{"line":77,"column":8},"end":{"line":81,"column":14}},"31":{"start":{"line":78,"column":12},"end":{"line":81,"column":14}},"32":{"start":{"line":82,"column":8},"end":{"line":89,"column":9}},"33":{"start":{"line":83,"column":12},"end":{"line":83,"column":52}},"34":{"start":{"line":84,"column":12},"end":{"line":84,"column":38}},"35":{"start":{"line":85,"column":12},"end":{"line":88,"column":14}},"36":{"start":{"line":91,"column":8},"end":{"line":91,"column":57}},"37":{"start":{"line":92,"column":8},"end":{"line":95,"column":10}},"38":{"start":{"line":100,"column":41},"end":{"line":117,"column":1}},"39":{"start":{"line":101,"column":4},"end":{"line":116,"column":5}},"40":{"start":{"line":102,"column":27},"end":{"line":102,"column":114}},"41":{"start":{"line":104,"column":21},"end":{"line":104,"column":38}},"42":{"start":{"line":105,"column":8},"end":{"line":109,"column":10}},"43":{"start":{"line":111,"column":8},"end":{"line":111,"column":137}},"44":{"start":{"line":112,"column":8},"end":{"line":115,"column":10}},"45":{"start":{"line":120,"column":0},"end":{"line":124,"column":1}}},"fnMap":{"0":{"name":"(anonymous_0)","decl":{"start":{"line":5,"column":34},"end":{"line":5,"column":35}},"loc":{"start":{"line":5,"column":54},"end":{"line":53,"column":1}},"line":5},"1":{"name":"(anonymous_1)","decl":{"start":{"line":55,"column":34},"end":{"line":55,"column":35}},"loc":{"start":{"line":55,"column":54},"end":{"line":97,"column":1}},"line":55},"2":{"name":"(anonymous_2)","decl":{"start":{"line":100,"column":41},"end":{"line":100,"column":42}},"loc":{"start":{"line":100,"column":61},"end":{"line":117,"column":1}},"line":100}},"branchMap":{"0":{"loc":{"start":{"line":11,"column":8},"end":{"line":15,"column":14}},"type":"if","locations":[{"start":{"line":11,"column":8},"end":{"line":15,"column":14}},{"start":{},"end":{}}],"line":11},"1":{"loc":{"start":{"line":16,"column":8},"end":{"line":20,"column":14}},"type":"if","locations":[{"start":{"line":16,"column":8},"end":{"line":20,"column":14}},{"start":{},"end":{}}],"line":16},"2":{"loc":{"start":{"line":23,"column":8},"end":{"line":34,"column":9}},"type":"if","locations":[{"start":{"line":23,"column":8},"end":{"line":34,"column":9}},{"start":{},"end":{}}],"line":23},"3":{"loc":{"start":{"line":30,"column":12},"end":{"line":33,"column":14}},"type":"if","locations":[{"start":{"line":30,"column":12},"end":{"line":33,"column":14}},{"start":{},"end":{}}],"line":30},"4":{"loc":{"start":{"line":35,"column":8},"end":{"line":38,"column":10}},"type":"if","locations":[{"start":{"line":35,"column":8},"end":{"line":38,"column":10}},{"start":{},"end":{}}],"line":35},"5":{"loc":{"start":{"line":61,"column":8},"end":{"line":65,"column":14}},"type":"if","locations":[{"start":{"line":61,"column":8},"end":{"line":65,"column":14}},{"start":{},"end":{}}],"line":61},"6":{"loc":{"start":{"line":66,"column":8},"end":{"line":70,"column":14}},"type":"if","locations":[{"start":{"line":66,"column":8},"end":{"line":70,"column":14}},{"start":{},"end":{}}],"line":66},"7":{"loc":{"start":{"line":77,"column":8},"end":{"line":81,"column":14}},"type":"if","locations":[{"start":{"line":77,"column":8},"end":{"line":81,"column":14}},{"start":{},"end":{}}],"line":77},"8":{"loc":{"start":{"line":82,"column":8},"end":{"line":89,"column":9}},"type":"if","locations":[{"start":{"line":82,"column":8},"end":{"line":89,"column":9}},{"start":{},"end":{}}],"line":82}},"s":{"0":4,"1":4,"2":4,"3":4,"4":4,"5":4,"6":1,"7":3,"8":1,"9":2,"10":2,"11":2,"12":1,"13":1,"14":1,"15":1,"16":0,"17":1,"18":1,"19":0,"20":0,"21":4,"22":3,"23":3,"24":3,"25":3,"26":1,"27":2,"28":1,"29":1,"30":1,"31":0,"32":1,"33":1,"34":1,"35":1,"36":0,"37":0,"38":4,"39":1,"40":1,"41":1,"42":1,"43":0,"44":0,"45":4},"f":{"0":4,"1":3,"2":1},"b":{"0":[1,3],"1":[1,2],"2":[1,1],"3":[1,0],"4":[0,1],"5":[1,2],"6":[1,1],"7":[0,1],"8":[1,0]},"_coverageSchema":"1a1c01bbd47fc00a2c39e90264f33305004495a9","hash":"d623c4b20b6a57a0e9e177b5bc646702d8cb7b69"}
,"/home/meki/Desktop/BIT/webfullstackf2f/backend-healthwatch/controllers/eps.controller.js": {"path":"/home/meki/Desktop/BIT/webfullstackf2f/backend-healthwatch/controllers/eps.controller.js","statementMap":{"0":{"start":{"line":3,"column":12},"end":{"line":3,"column":36}},"1":{"start":{"line":5,"column":18},"end":{"line":53,"column":1}},"2":{"start":{"line":7,"column":25},"end":{"line":7,"column":42}},"3":{"start":{"line":9,"column":4},"end":{"line":52,"column":5}},"4":{"start":{"line":10,"column":8},"end":{"line":10,"column":118}},"5":{"start":{"line":11,"column":8},"end":{"line":15,"column":14}},"6":{"start":{"line":12,"column":12},"end":{"line":15,"column":14}},"7":{"start":{"line":16,"column":8},"end":{"line":20,"column":14}},"8":{"start":{"line":17,"column":12},"end":{"line":20,"column":14}},"9":{"start":{"line":21,"column":31},"end":{"line":21,"column":109}},"10":{"start":{"line":22,"column":8},"end":{"line":22,"column":35}},"11":{"start":{"line":23,"column":8},"end":{"line":34,"column":9}},"12":{"start":{"line":24,"column":30},"end":{"line":29,"column":14}},"13":{"start":{"line":30,"column":12},"end":{"line":33,"column":14}},"14":{"start":{"line":30,"column":27},"end":{"line":33,"column":14}},"15":{"start":{"line":35,"column":8},"end":{"line":38,"column":10}},"16":{"start":{"line":35,"column":33},"end":{"line":38,"column":10}},"17":{"start":{"line":40,"column":8},"end":{"line":40,"column":34}},"18":{"start":{"line":41,"column":8},"end":{"line":44,"column":10}},"19":{"start":{"line":47,"column":8},"end":{"line":47,"column":65}},"20":{"start":{"line":48,"column":8},"end":{"line":51,"column":10}},"21":{"start":{"line":55,"column":18},"end":{"line":97,"column":1}},"22":{"start":{"line":57,"column":25},"end":{"line":57,"column":42}},"23":{"start":{"line":59,"column":4},"end":{"line":96,"column":5}},"24":{"start":{"line":60,"column":8},"end":{"line":60,"column":118}},"25":{"start":{"line":61,"column":8},"end":{"line":65,"column":14}},"26":{"start":{"line":62,"column":12},"end":{"line":65,"column":14}},"27":{"start":{"line":66,"column":8},"end":{"line":70,"column":14}},"28":{"start":{"line":67,"column":12},"end":{"line":70,"column":14}},"29":{"start":{"line":71,"column":24},"end":{"line":76,"column":10}},"30":{"start":{"line":77,"column":8},"end":{"line":81,"column":14}},"31":{"start":{"line":78,"column":12},"end":{"line":81,"column":14}},"32":{"start":{"line":82,"column":8},"end":{"line":89,"column":9}},"33":{"start":{"line":83,"column":12},"end":{"line":83,"column":34}},"34":{"start":{"line":84,"column":12},"end":{"line":84,"column":38}},"35":{"start":{"line":85,"column":12},"end":{"line":88,"column":14}},"36":{"start":{"line":91,"column":8},"end":{"line":91,"column":57}},"37":{"start":{"line":92,"column":8},"end":{"line":95,"column":10}},"38":{"start":{"line":100,"column":25},"end":{"line":117,"column":1}},"39":{"start":{"line":101,"column":4},"end":{"line":116,"column":5}},"40":{"start":{"line":102,"column":27},"end":{"line":102,"column":96}},"41":{"start":{"line":104,"column":21},"end":{"line":104,"column":38}},"42":{"start":{"line":105,"column":8},"end":{"line":109,"column":10}},"43":{"start":{"line":111,"column":8},"end":{"line":111,"column":103}},"44":{"start":{"line":112,"column":8},"end":{"line":115,"column":10}},"45":{"start":{"line":120,"column":0},"end":{"line":124,"column":1}}},"fnMap":{"0":{"name":"(anonymous_0)","decl":{"start":{"line":5,"column":18},"end":{"line":5,"column":19}},"loc":{"start":{"line":5,"column":38},"end":{"line":53,"column":1}},"line":5},"1":{"name":"(anonymous_1)","decl":{"start":{"line":55,"column":18},"end":{"line":55,"column":19}},"loc":{"start":{"line":55,"column":38},"end":{"line":97,"column":1}},"line":55},"2":{"name":"(anonymous_2)","decl":{"start":{"line":100,"column":25},"end":{"line":100,"column":26}},"loc":{"start":{"line":100,"column":45},"end":{"line":117,"column":1}},"line":100}},"branchMap":{"0":{"loc":{"start":{"line":11,"column":8},"end":{"line":15,"column":14}},"type":"if","locations":[{"start":{"line":11,"column":8},"end":{"line":15,"column":14}},{"start":{},"end":{}}],"line":11},"1":{"loc":{"start":{"line":16,"column":8},"end":{"line":20,"column":14}},"type":"if","locations":[{"start":{"line":16,"column":8},"end":{"line":20,"column":14}},{"start":{},"end":{}}],"line":16},"2":{"loc":{"start":{"line":23,"column":8},"end":{"line":34,"column":9}},"type":"if","locations":[{"start":{"line":23,"column":8},"end":{"line":34,"column":9}},{"start":{},"end":{}}],"line":23},"3":{"loc":{"start":{"line":30,"column":12},"end":{"line":33,"column":14}},"type":"if","locations":[{"start":{"line":30,"column":12},"end":{"line":33,"column":14}},{"start":{},"end":{}}],"line":30},"4":{"loc":{"start":{"line":35,"column":8},"end":{"line":38,"column":10}},"type":"if","locations":[{"start":{"line":35,"column":8},"end":{"line":38,"column":10}},{"start":{},"end":{}}],"line":35},"5":{"loc":{"start":{"line":61,"column":8},"end":{"line":65,"column":14}},"type":"if","locations":[{"start":{"line":61,"column":8},"end":{"line":65,"column":14}},{"start":{},"end":{}}],"line":61},"6":{"loc":{"start":{"line":66,"column":8},"end":{"line":70,"column":14}},"type":"if","locations":[{"start":{"line":66,"column":8},"end":{"line":70,"column":14}},{"start":{},"end":{}}],"line":66},"7":{"loc":{"start":{"line":77,"column":8},"end":{"line":81,"column":14}},"type":"if","locations":[{"start":{"line":77,"column":8},"end":{"line":81,"column":14}},{"start":{},"end":{}}],"line":77},"8":{"loc":{"start":{"line":82,"column":8},"end":{"line":89,"column":9}},"type":"if","locations":[{"start":{"line":82,"column":8},"end":{"line":89,"column":9}},{"start":{},"end":{}}],"line":82}},"s":{"0":4,"1":4,"2":0,"3":0,"4":0,"5":0,"6":0,"7":0,"8":0,"9":0,"10":0,"11":0,"12":0,"13":0,"14":0,"15":0,"16":0,"17":0,"18":0,"19":0,"20":0,"21":4,"22":0,"23":0,"24":0,"25":0,"26":0,"27":0,"28":0,"29":0,"30":0,"31":0,"32":0,"33":0,"34":0,"35":0,"36":0,"37":0,"38":4,"39":0,"40":0,"41":0,"42":0,"43":0,"44":0,"45":4},"f":{"0":0,"1":0,"2":0},"b":{"0":[0,0],"1":[0,0],"2":[0,0],"3":[0,0],"4":[0,0],"5":[0,0],"6":[0,0],"7":[0,0],"8":[0,0]},"_coverageSchema":"1a1c01bbd47fc00a2c39e90264f33305004495a9","hash":"db6b8c6cd4dfb43cb733cdb3cb14d23c52f9e417"}
,"/home/meki/Desktop/BIT/webfullstackf2f/backend-healthwatch/controllers/incident.controller.js": {"path":"/home/meki/Desktop/BIT/webfullstackf2f/backend-healthwatch/controllers/incident.controller.js","statementMap":{"0":{"start":{"line":1,"column":17},"end":{"line":1,"column":46}},"1":{"start":{"line":4,"column":23},"end":{"line":37,"column":1}},"2":{"start":{"line":5,"column":159},"end":{"line":5,"column":167}},"3":{"start":{"line":6,"column":4},"end":{"line":36,"column":5}},"4":{"start":{"line":7,"column":25},"end":{"line":7,"column":79}},"5":{"start":{"line":8,"column":8},"end":{"line":11,"column":10}},"6":{"start":{"line":8,"column":22},"end":{"line":11,"column":10}},"7":{"start":{"line":13,"column":27},"end":{"line":23,"column":10}},"8":{"start":{"line":25,"column":8},"end":{"line":25,"column":31}},"9":{"start":{"line":26,"column":8},"end":{"line":29,"column":10}},"10":{"start":{"line":31,"column":8},"end":{"line":31,"column":26}},"11":{"start":{"line":32,"column":8},"end":{"line":35,"column":10}},"12":{"start":{"line":40,"column":24},"end":{"line":55,"column":1}},"13":{"start":{"line":41,"column":4},"end":{"line":54,"column":5}},"14":{"start":{"line":42,"column":26},"end":{"line":42,"column":47}},"15":{"start":{"line":43,"column":8},"end":{"line":47,"column":10}},"16":{"start":{"line":49,"column":8},"end":{"line":49,"column":26}},"17":{"start":{"line":50,"column":8},"end":{"line":53,"column":10}},"18":{"start":{"line":58,"column":24},"end":{"line":78,"column":1}},"19":{"start":{"line":59,"column":15},"end":{"line":59,"column":28}},"20":{"start":{"line":60,"column":4},"end":{"line":77,"column":5}},"21":{"start":{"line":61,"column":25},"end":{"line":61,"column":61}},"22":{"start":{"line":62,"column":8},"end":{"line":65,"column":10}},"23":{"start":{"line":62,"column":23},"end":{"line":65,"column":10}},"24":{"start":{"line":66,"column":8},"end":{"line":70,"column":10}},"25":{"start":{"line":72,"column":8},"end":{"line":72,"column":26}},"26":{"start":{"line":73,"column":8},"end":{"line":76,"column":10}},"27":{"start":{"line":81,"column":27},"end":{"line":102,"column":1}},"28":{"start":{"line":82,"column":19},"end":{"line":82,"column":29}},"29":{"start":{"line":83,"column":4},"end":{"line":101,"column":5}},"30":{"start":{"line":84,"column":25},"end":{"line":84,"column":61}},"31":{"start":{"line":85,"column":8},"end":{"line":88,"column":10}},"32":{"start":{"line":85,"column":23},"end":{"line":88,"column":10}},"33":{"start":{"line":89,"column":8},"end":{"line":93,"column":10}},"34":{"start":{"line":96,"column":8},"end":{"line":96,"column":26}},"35":{"start":{"line":97,"column":8},"end":{"line":100,"column":10}},"36":{"start":{"line":105,"column":27},"end":{"line":139,"column":1}},"37":{"start":{"line":106,"column":19},"end":{"line":106,"column":29}},"38":{"start":{"line":107,"column":145},"end":{"line":107,"column":153}},"39":{"start":{"line":108,"column":4},"end":{"line":138,"column":5}},"40":{"start":{"line":109,"column":31},"end":{"line":109,"column":33}},"41":{"start":{"line":110,"column":8},"end":{"line":110,"column":69}},"42":{"start":{"line":110,"column":26},"end":{"line":110,"column":69}},"43":{"start":{"line":111,"column":8},"end":{"line":111,"column":66}},"44":{"start":{"line":111,"column":25},"end":{"line":111,"column":66}},"45":{"start":{"line":112,"column":8},"end":{"line":112,"column":87}},"46":{"start":{"line":112,"column":32},"end":{"line":112,"column":87}},"47":{"start":{"line":113,"column":8},"end":{"line":113,"column":81}},"48":{"start":{"line":113,"column":30},"end":{"line":113,"column":81}},"49":{"start":{"line":114,"column":8},"end":{"line":114,"column":75}},"50":{"start":{"line":114,"column":28},"end":{"line":114,"column":75}},"51":{"start":{"line":115,"column":8},"end":{"line":115,"column":72}},"52":{"start":{"line":115,"column":27},"end":{"line":115,"column":72}},"53":{"start":{"line":116,"column":8},"end":{"line":116,"column":72}},"54":{"start":{"line":116,"column":27},"end":{"line":116,"column":72}},"55":{"start":{"line":117,"column":8},"end":{"line":117,"column":84}},"56":{"start":{"line":117,"column":31},"end":{"line":117,"column":84}},"57":{"start":{"line":119,"column":8},"end":{"line":119,"column":35}},"58":{"start":{"line":120,"column":25},"end":{"line":120,"column":77}},"59":{"start":{"line":121,"column":8},"end":{"line":124,"column":10}},"60":{"start":{"line":121,"column":23},"end":{"line":124,"column":10}},"61":{"start":{"line":125,"column":31},"end":{"line":125,"column":58}},"62":{"start":{"line":126,"column":8},"end":{"line":130,"column":10}},"63":{"start":{"line":133,"column":8},"end":{"line":133,"column":26}},"64":{"start":{"line":134,"column":8},"end":{"line":137,"column":10}},"65":{"start":{"line":142,"column":0},"end":{"line":148,"column":1}}},"fnMap":{"0":{"name":"(anonymous_0)","decl":{"start":{"line":4,"column":23},"end":{"line":4,"column":24}},"loc":{"start":{"line":4,"column":43},"end":{"line":37,"column":1}},"line":4},"1":{"name":"(anonymous_1)","decl":{"start":{"line":40,"column":24},"end":{"line":40,"column":25}},"loc":{"start":{"line":40,"column":44},"end":{"line":55,"column":1}},"line":40},"2":{"name":"(anonymous_2)","decl":{"start":{"line":58,"column":24},"end":{"line":58,"column":25}},"loc":{"start":{"line":58,"column":44},"end":{"line":78,"column":1}},"line":58},"3":{"name":"(anonymous_3)","decl":{"start":{"line":81,"column":27},"end":{"line":81,"column":28}},"loc":{"start":{"line":81,"column":47},"end":{"line":102,"column":1}},"line":81},"4":{"name":"(anonymous_4)","decl":{"start":{"line":105,"column":27},"end":{"line":105,"column":28}},"loc":{"start":{"line":105,"column":47},"end":{"line":139,"column":1}},"line":105}},"branchMap":{"0":{"loc":{"start":{"line":8,"column":8},"end":{"line":11,"column":10}},"type":"if","locations":[{"start":{"line":8,"column":8},"end":{"line":11,"column":10}},{"start":{},"end":{}}],"line":8},"1":{"loc":{"start":{"line":62,"column":8},"end":{"line":65,"column":10}},"type":"if","locations":[{"start":{"line":62,"column":8},"end":{"line":65,"column":10}},{"start":{},"end":{}}],"line":62},"2":{"loc":{"start":{"line":85,"column":8},"end":{"line":88,"column":10}},"type":"if","locations":[{"start":{"line":85,"column":8},"end":{"line":88,"column":10}},{"start":{},"end":{}}],"line":85},"3":{"loc":{"start":{"line":110,"column":8},"end":{"line":110,"column":69}},"type":"if","locations":[{"start":{"line":110,"column":8},"end":{"line":110,"column":69}},{"start":{},"end":{}}],"line":110},"4":{"loc":{"start":{"line":111,"column":8},"end":{"line":111,"column":66}},"type":"if","locations":[{"start":{"line":111,"column":8},"end":{"line":111,"column":66}},{"start":{},"end":{}}],"line":111},"5":{"loc":{"start":{"line":112,"column":8},"end":{"line":112,"column":87}},"type":"if","locations":[{"start":{"line":112,"column":8},"end":{"line":112,"column":87}},{"start":{},"end":{}}],"line":112},"6":{"loc":{"start":{"line":113,"column":8},"end":{"line":113,"column":81}},"type":"if","locations":[{"start":{"line":113,"column":8},"end":{"line":113,"column":81}},{"start":{},"end":{}}],"line":113},"7":{"loc":{"start":{"line":114,"column":8},"end":{"line":114,"column":75}},"type":"if","locations":[{"start":{"line":114,"column":8},"end":{"line":114,"column":75}},{"start":{},"end":{}}],"line":114},"8":{"loc":{"start":{"line":115,"column":8},"end":{"line":115,"column":72}},"type":"if","locations":[{"start":{"line":115,"column":8},"end":{"line":115,"column":72}},{"start":{},"end":{}}],"line":115},"9":{"loc":{"start":{"line":116,"column":8},"end":{"line":116,"column":72}},"type":"if","locations":[{"start":{"line":116,"column":8},"end":{"line":116,"column":72}},{"start":{},"end":{}}],"line":116},"10":{"loc":{"start":{"line":117,"column":8},"end":{"line":117,"column":84}},"type":"if","locations":[{"start":{"line":117,"column":8},"end":{"line":117,"column":84}},{"start":{},"end":{}}],"line":117},"11":{"loc":{"start":{"line":121,"column":8},"end":{"line":124,"column":10}},"type":"if","locations":[{"start":{"line":121,"column":8},"end":{"line":124,"column":10}},{"start":{},"end":{}}],"line":121}},"s":{"0":4,"1":4,"2":0,"3":0,"4":0,"5":0,"6":0,"7":0,"8":0,"9":0,"10":0,"11":0,"12":4,"13":0,"14":0,"15":0,"16":0,"17":0,"18":4,"19":0,"20":0,"21":0,"22":0,"23":0,"24":0,"25":0,"26":0,"27":4,"28":0,"29":0,"30":0,"31":0,"32":0,"33":0,"34":0,"35":0,"36":4,"37":0,"38":0,"39":0,"40":0,"41":0,"42":0,"43":0,"44":0,"45":0,"46":0,"47":0,"48":0,"49":0,"50":0,"51":0,"52":0,"53":0,"54":0,"55":0,"56":0,"57":0,"58":0,"59":0,"60":0,"61":0,"62":0,"63":0,"64":0,"65":4},"f":{"0":0,"1":0,"2":0,"3":0,"4":0},"b":{"0":[0,0],"1":[0,0],"2":[0,0],"3":[0,0],"4":[0,0],"5":[0,0],"6":[0,0],"7":[0,0],"8":[0,0],"9":[0,0],"10":[0,0],"11":[0,0]},"_coverageSchema":"1a1c01bbd47fc00a2c39e90264f33305004495a9","hash":"bfa370677da2b59ffb0e90a417119119923fbd77"}
,"/home/meki/Desktop/BIT/webfullstackf2f/backend-healthwatch/controllers/ips.controller.js": {"path":"/home/meki/Desktop/BIT/webfullstackf2f/backend-healthwatch/controllers/ips.controller.js","statementMap":{"0":{"start":{"line":3,"column":12},"end":{"line":3,"column":36}},"1":{"start":{"line":5,"column":18},"end":{"line":53,"column":1}},"2":{"start":{"line":7,"column":25},"end":{"line":7,"column":42}},"3":{"start":{"line":9,"column":4},"end":{"line":52,"column":5}},"4":{"start":{"line":10,"column":8},"end":{"line":10,"column":118}},"5":{"start":{"line":11,"column":8},"end":{"line":15,"column":14}},"6":{"start":{"line":12,"column":12},"end":{"line":15,"column":14}},"7":{"start":{"line":16,"column":8},"end":{"line":20,"column":14}},"8":{"start":{"line":17,"column":12},"end":{"line":20,"column":14}},"9":{"start":{"line":21,"column":31},"end":{"line":21,"column":109}},"10":{"start":{"line":22,"column":8},"end":{"line":22,"column":35}},"11":{"start":{"line":23,"column":8},"end":{"line":34,"column":9}},"12":{"start":{"line":24,"column":30},"end":{"line":29,"column":14}},"13":{"start":{"line":30,"column":12},"end":{"line":33,"column":14}},"14":{"start":{"line":30,"column":27},"end":{"line":33,"column":14}},"15":{"start":{"line":35,"column":8},"end":{"line":38,"column":10}},"16":{"start":{"line":35,"column":33},"end":{"line":38,"column":10}},"17":{"start":{"line":40,"column":8},"end":{"line":40,"column":34}},"18":{"start":{"line":41,"column":8},"end":{"line":44,"column":10}},"19":{"start":{"line":47,"column":8},"end":{"line":47,"column":65}},"20":{"start":{"line":48,"column":8},"end":{"line":51,"column":10}},"21":{"start":{"line":55,"column":18},"end":{"line":97,"column":1}},"22":{"start":{"line":57,"column":25},"end":{"line":57,"column":42}},"23":{"start":{"line":59,"column":4},"end":{"line":96,"column":5}},"24":{"start":{"line":60,"column":8},"end":{"line":60,"column":118}},"25":{"start":{"line":61,"column":8},"end":{"line":65,"column":14}},"26":{"start":{"line":62,"column":12},"end":{"line":65,"column":14}},"27":{"start":{"line":66,"column":8},"end":{"line":70,"column":14}},"28":{"start":{"line":67,"column":12},"end":{"line":70,"column":14}},"29":{"start":{"line":71,"column":24},"end":{"line":76,"column":10}},"30":{"start":{"line":77,"column":8},"end":{"line":81,"column":14}},"31":{"start":{"line":78,"column":12},"end":{"line":81,"column":14}},"32":{"start":{"line":82,"column":8},"end":{"line":89,"column":9}},"33":{"start":{"line":83,"column":12},"end":{"line":83,"column":34}},"34":{"start":{"line":84,"column":12},"end":{"line":84,"column":38}},"35":{"start":{"line":85,"column":12},"end":{"line":88,"column":14}},"36":{"start":{"line":91,"column":8},"end":{"line":91,"column":57}},"37":{"start":{"line":92,"column":8},"end":{"line":95,"column":10}},"38":{"start":{"line":100,"column":25},"end":{"line":117,"column":1}},"39":{"start":{"line":101,"column":4},"end":{"line":116,"column":5}},"40":{"start":{"line":102,"column":27},"end":{"line":102,"column":96}},"41":{"start":{"line":104,"column":21},"end":{"line":104,"column":38}},"42":{"start":{"line":105,"column":8},"end":{"line":109,"column":10}},"43":{"start":{"line":111,"column":8},"end":{"line":111,"column":103}},"44":{"start":{"line":112,"column":8},"end":{"line":115,"column":10}},"45":{"start":{"line":120,"column":0},"end":{"line":124,"column":1}}},"fnMap":{"0":{"name":"(anonymous_0)","decl":{"start":{"line":5,"column":18},"end":{"line":5,"column":19}},"loc":{"start":{"line":5,"column":38},"end":{"line":53,"column":1}},"line":5},"1":{"name":"(anonymous_1)","decl":{"start":{"line":55,"column":18},"end":{"line":55,"column":19}},"loc":{"start":{"line":55,"column":38},"end":{"line":97,"column":1}},"line":55},"2":{"name":"(anonymous_2)","decl":{"start":{"line":100,"column":25},"end":{"line":100,"column":26}},"loc":{"start":{"line":100,"column":45},"end":{"line":117,"column":1}},"line":100}},"branchMap":{"0":{"loc":{"start":{"line":11,"column":8},"end":{"line":15,"column":14}},"type":"if","locations":[{"start":{"line":11,"column":8},"end":{"line":15,"column":14}},{"start":{},"end":{}}],"line":11},"1":{"loc":{"start":{"line":16,"column":8},"end":{"line":20,"column":14}},"type":"if","locations":[{"start":{"line":16,"column":8},"end":{"line":20,"column":14}},{"start":{},"end":{}}],"line":16},"2":{"loc":{"start":{"line":23,"column":8},"end":{"line":34,"column":9}},"type":"if","locations":[{"start":{"line":23,"column":8},"end":{"line":34,"column":9}},{"start":{},"end":{}}],"line":23},"3":{"loc":{"start":{"line":30,"column":12},"end":{"line":33,"column":14}},"type":"if","locations":[{"start":{"line":30,"column":12},"end":{"line":33,"column":14}},{"start":{},"end":{}}],"line":30},"4":{"loc":{"start":{"line":35,"column":8},"end":{"line":38,"column":10}},"type":"if","locations":[{"start":{"line":35,"column":8},"end":{"line":38,"column":10}},{"start":{},"end":{}}],"line":35},"5":{"loc":{"start":{"line":61,"column":8},"end":{"line":65,"column":14}},"type":"if","locations":[{"start":{"line":61,"column":8},"end":{"line":65,"column":14}},{"start":{},"end":{}}],"line":61},"6":{"loc":{"start":{"line":66,"column":8},"end":{"line":70,"column":14}},"type":"if","locations":[{"start":{"line":66,"column":8},"end":{"line":70,"column":14}},{"start":{},"end":{}}],"line":66},"7":{"loc":{"start":{"line":77,"column":8},"end":{"line":81,"column":14}},"type":"if","locations":[{"start":{"line":77,"column":8},"end":{"line":81,"column":14}},{"start":{},"end":{}}],"line":77},"8":{"loc":{"start":{"line":82,"column":8},"end":{"line":89,"column":9}},"type":"if","locations":[{"start":{"line":82,"column":8},"end":{"line":89,"column":9}},{"start":{},"end":{}}],"line":82}},"s":{"0":4,"1":4,"2":0,"3":0,"4":0,"5":0,"6":0,"7":0,"8":0,"9":0,"10":0,"11":0,"12":0,"13":0,"14":0,"15":0,"16":0,"17":0,"18":0,"19":0,"20":0,"21":4,"22":0,"23":0,"24":0,"25":0,"26":0,"27":0,"28":0,"29":0,"30":0,"31":0,"32":0,"33":0,"34":0,"35":0,"36":0,"37":0,"38":4,"39":0,"40":0,"41":0,"42":0,"43":0,"44":0,"45":4},"f":{"0":0,"1":0,"2":0},"b":{"0":[0,0],"1":[0,0],"2":[0,0],"3":[0,0],"4":[0,0],"5":[0,0],"6":[0,0],"7":[0,0],"8":[0,0]},"_coverageSchema":"1a1c01bbd47fc00a2c39e90264f33305004495a9","hash":"bd6e27a1675bb7a7e158b6caea1204387289ecac"}
,"/home/meki/Desktop/BIT/webfullstackf2f/backend-healthwatch/controllers/redAdscritaSalud.controller.js": {"path":"/home/meki/Desktop/BIT/webfullstackf2f/backend-healthwatch/controllers/redAdscritaSalud.controller.js","statementMap":{"0":{"start":{"line":3,"column":26},"end":{"line":3,"column":63}},"1":{"start":{"line":5,"column":31},"end":{"line":53,"column":1}},"2":{"start":{"line":7,"column":25},"end":{"line":7,"column":56}},"3":{"start":{"line":9,"column":4},"end":{"line":52,"column":5}},"4":{"start":{"line":10,"column":8},"end":{"line":10,"column":118}},"5":{"start":{"line":11,"column":8},"end":{"line":15,"column":14}},"6":{"start":{"line":12,"column":12},"end":{"line":15,"column":14}},"7":{"start":{"line":16,"column":8},"end":{"line":20,"column":14}},"8":{"start":{"line":17,"column":12},"end":{"line":20,"column":14}},"9":{"start":{"line":21,"column":31},"end":{"line":21,"column":125}},"10":{"start":{"line":22,"column":8},"end":{"line":22,"column":35}},"11":{"start":{"line":23,"column":8},"end":{"line":34,"column":9}},"12":{"start":{"line":24,"column":30},"end":{"line":29,"column":14}},"13":{"start":{"line":30,"column":12},"end":{"line":33,"column":14}},"14":{"start":{"line":30,"column":27},"end":{"line":33,"column":14}},"15":{"start":{"line":35,"column":8},"end":{"line":38,"column":10}},"16":{"start":{"line":35,"column":33},"end":{"line":38,"column":10}},"17":{"start":{"line":40,"column":8},"end":{"line":40,"column":34}},"18":{"start":{"line":41,"column":8},"end":{"line":44,"column":10}},"19":{"start":{"line":47,"column":8},"end":{"line":47,"column":65}},"20":{"start":{"line":48,"column":8},"end":{"line":51,"column":10}},"21":{"start":{"line":55,"column":31},"end":{"line":97,"column":1}},"22":{"start":{"line":57,"column":25},"end":{"line":57,"column":56}},"23":{"start":{"line":59,"column":4},"end":{"line":96,"column":5}},"24":{"start":{"line":60,"column":8},"end":{"line":60,"column":118}},"25":{"start":{"line":61,"column":8},"end":{"line":65,"column":14}},"26":{"start":{"line":62,"column":12},"end":{"line":65,"column":14}},"27":{"start":{"line":66,"column":8},"end":{"line":70,"column":14}},"28":{"start":{"line":67,"column":12},"end":{"line":70,"column":14}},"29":{"start":{"line":71,"column":24},"end":{"line":76,"column":10}},"30":{"start":{"line":77,"column":8},"end":{"line":81,"column":14}},"31":{"start":{"line":78,"column":12},"end":{"line":81,"column":14}},"32":{"start":{"line":82,"column":8},"end":{"line":89,"column":9}},"33":{"start":{"line":83,"column":12},"end":{"line":83,"column":48}},"34":{"start":{"line":84,"column":12},"end":{"line":84,"column":38}},"35":{"start":{"line":85,"column":12},"end":{"line":88,"column":14}},"36":{"start":{"line":91,"column":8},"end":{"line":91,"column":57}},"37":{"start":{"line":92,"column":8},"end":{"line":95,"column":10}},"38":{"start":{"line":100,"column":38},"end":{"line":117,"column":1}},"39":{"start":{"line":101,"column":4},"end":{"line":116,"column":5}},"40":{"start":{"line":102,"column":27},"end":{"line":102,"column":110}},"41":{"start":{"line":104,"column":21},"end":{"line":104,"column":38}},"42":{"start":{"line":105,"column":8},"end":{"line":109,"column":10}},"43":{"start":{"line":111,"column":8},"end":{"line":111,"column":130}},"44":{"start":{"line":112,"column":8},"end":{"line":115,"column":10}},"45":{"start":{"line":120,"column":0},"end":{"line":124,"column":1}}},"fnMap":{"0":{"name":"(anonymous_0)","decl":{"start":{"line":5,"column":31},"end":{"line":5,"column":32}},"loc":{"start":{"line":5,"column":51},"end":{"line":53,"column":1}},"line":5},"1":{"name":"(anonymous_1)","decl":{"start":{"line":55,"column":31},"end":{"line":55,"column":32}},"loc":{"start":{"line":55,"column":51},"end":{"line":97,"column":1}},"line":55},"2":{"name":"(anonymous_2)","decl":{"start":{"line":100,"column":38},"end":{"line":100,"column":39}},"loc":{"start":{"line":100,"column":58},"end":{"line":117,"column":1}},"line":100}},"branchMap":{"0":{"loc":{"start":{"line":11,"column":8},"end":{"line":15,"column":14}},"type":"if","locations":[{"start":{"line":11,"column":8},"end":{"line":15,"column":14}},{"start":{},"end":{}}],"line":11},"1":{"loc":{"start":{"line":16,"column":8},"end":{"line":20,"column":14}},"type":"if","locations":[{"start":{"line":16,"column":8},"end":{"line":20,"column":14}},{"start":{},"end":{}}],"line":16},"2":{"loc":{"start":{"line":23,"column":8},"end":{"line":34,"column":9}},"type":"if","locations":[{"start":{"line":23,"column":8},"end":{"line":34,"column":9}},{"start":{},"end":{}}],"line":23},"3":{"loc":{"start":{"line":30,"column":12},"end":{"line":33,"column":14}},"type":"if","locations":[{"start":{"line":30,"column":12},"end":{"line":33,"column":14}},{"start":{},"end":{}}],"line":30},"4":{"loc":{"start":{"line":35,"column":8},"end":{"line":38,"column":10}},"type":"if","locations":[{"start":{"line":35,"column":8},"end":{"line":38,"column":10}},{"start":{},"end":{}}],"line":35},"5":{"loc":{"start":{"line":61,"column":8},"end":{"line":65,"column":14}},"type":"if","locations":[{"start":{"line":61,"column":8},"end":{"line":65,"column":14}},{"start":{},"end":{}}],"line":61},"6":{"loc":{"start":{"line":66,"column":8},"end":{"line":70,"column":14}},"type":"if","locations":[{"start":{"line":66,"column":8},"end":{"line":70,"column":14}},{"start":{},"end":{}}],"line":66},"7":{"loc":{"start":{"line":77,"column":8},"end":{"line":81,"column":14}},"type":"if","locations":[{"start":{"line":77,"column":8},"end":{"line":81,"column":14}},{"start":{},"end":{}}],"line":77},"8":{"loc":{"start":{"line":82,"column":8},"end":{"line":89,"column":9}},"type":"if","locations":[{"start":{"line":82,"column":8},"end":{"line":89,"column":9}},{"start":{},"end":{}}],"line":82}},"s":{"0":4,"1":4,"2":0,"3":0,"4":0,"5":0,"6":0,"7":0,"8":0,"9":0,"10":0,"11":0,"12":0,"13":0,"14":0,"15":0,"16":0,"17":0,"18":0,"19":0,"20":0,"21":4,"22":0,"23":0,"24":0,"25":0,"26":0,"27":0,"28":0,"29":0,"30":0,"31":0,"32":0,"33":0,"34":0,"35":0,"36":0,"37":0,"38":4,"39":0,"40":0,"41":0,"42":0,"43":0,"44":0,"45":4},"f":{"0":0,"1":0,"2":0},"b":{"0":[0,0],"1":[0,0],"2":[0,0],"3":[0,0],"4":[0,0],"5":[0,0],"6":[0,0],"7":[0,0],"8":[0,0]},"_coverageSchema":"1a1c01bbd47fc00a2c39e90264f33305004495a9","hash":"21e06f06debfe22331eb4c63f13b56f5569b86b9"}
,"/home/meki/Desktop/BIT/webfullstackf2f/backend-healthwatch/controllers/servicioTransfusionSanguinea.controller.js": {"path":"/home/meki/Desktop/BIT/webfullstackf2f/backend-healthwatch/controllers/servicioTransfusionSanguinea.controller.js","statementMap":{"0":{"start":{"line":3,"column":38},"end":{"line":3,"column":87}},"1":{"start":{"line":5,"column":43},"end":{"line":53,"column":1}},"2":{"start":{"line":7,"column":25},"end":{"line":7,"column":68}},"3":{"start":{"line":9,"column":4},"end":{"line":52,"column":5}},"4":{"start":{"line":10,"column":8},"end":{"line":10,"column":118}},"5":{"start":{"line":11,"column":8},"end":{"line":15,"column":14}},"6":{"start":{"line":12,"column":12},"end":{"line":15,"column":14}},"7":{"start":{"line":16,"column":8},"end":{"line":20,"column":14}},"8":{"start":{"line":17,"column":12},"end":{"line":20,"column":14}},"9":{"start":{"line":21,"column":31},"end":{"line":21,"column":137}},"10":{"start":{"line":22,"column":8},"end":{"line":22,"column":35}},"11":{"start":{"line":23,"column":8},"end":{"line":34,"column":9}},"12":{"start":{"line":24,"column":30},"end":{"line":29,"column":14}},"13":{"start":{"line":30,"column":12},"end":{"line":33,"column":14}},"14":{"start":{"line":30,"column":27},"end":{"line":33,"column":14}},"15":{"start":{"line":35,"column":8},"end":{"line":38,"column":10}},"16":{"start":{"line":35,"column":33},"end":{"line":38,"column":10}},"17":{"start":{"line":40,"column":8},"end":{"line":40,"column":34}},"18":{"start":{"line":41,"column":8},"end":{"line":44,"column":10}},"19":{"start":{"line":47,"column":8},"end":{"line":47,"column":65}},"20":{"start":{"line":48,"column":8},"end":{"line":51,"column":10}},"21":{"start":{"line":55,"column":43},"end":{"line":97,"column":1}},"22":{"start":{"line":57,"column":25},"end":{"line":57,"column":68}},"23":{"start":{"line":59,"column":4},"end":{"line":96,"column":5}},"24":{"start":{"line":60,"column":8},"end":{"line":60,"column":118}},"25":{"start":{"line":61,"column":8},"end":{"line":65,"column":14}},"26":{"start":{"line":62,"column":12},"end":{"line":65,"column":14}},"27":{"start":{"line":66,"column":8},"end":{"line":70,"column":14}},"28":{"start":{"line":67,"column":12},"end":{"line":70,"column":14}},"29":{"start":{"line":71,"column":24},"end":{"line":76,"column":10}},"30":{"start":{"line":77,"column":8},"end":{"line":81,"column":14}},"31":{"start":{"line":78,"column":12},"end":{"line":81,"column":14}},"32":{"start":{"line":82,"column":8},"end":{"line":89,"column":9}},"33":{"start":{"line":83,"column":12},"end":{"line":83,"column":60}},"34":{"start":{"line":84,"column":12},"end":{"line":84,"column":38}},"35":{"start":{"line":85,"column":12},"end":{"line":88,"column":14}},"36":{"start":{"line":91,"column":8},"end":{"line":91,"column":57}},"37":{"start":{"line":92,"column":8},"end":{"line":95,"column":10}},"38":{"start":{"line":100,"column":50},"end":{"line":117,"column":1}},"39":{"start":{"line":101,"column":4},"end":{"line":116,"column":5}},"40":{"start":{"line":102,"column":27},"end":{"line":102,"column":122}},"41":{"start":{"line":104,"column":21},"end":{"line":104,"column":38}},"42":{"start":{"line":105,"column":8},"end":{"line":109,"column":10}},"43":{"start":{"line":111,"column":8},"end":{"line":111,"column":154}},"44":{"start":{"line":112,"column":8},"end":{"line":115,"column":10}},"45":{"start":{"line":120,"column":0},"end":{"line":124,"column":1}}},"fnMap":{"0":{"name":"(anonymous_0)","decl":{"start":{"line":5,"column":43},"end":{"line":5,"column":44}},"loc":{"start":{"line":5,"column":63},"end":{"line":53,"column":1}},"line":5},"1":{"name":"(anonymous_1)","decl":{"start":{"line":55,"column":43},"end":{"line":55,"column":44}},"loc":{"start":{"line":55,"column":63},"end":{"line":97,"column":1}},"line":55},"2":{"name":"(anonymous_2)","decl":{"start":{"line":100,"column":50},"end":{"line":100,"column":51}},"loc":{"start":{"line":100,"column":70},"end":{"line":117,"column":1}},"line":100}},"branchMap":{"0":{"loc":{"start":{"line":11,"column":8},"end":{"line":15,"column":14}},"type":"if","locations":[{"start":{"line":11,"column":8},"end":{"line":15,"column":14}},{"start":{},"end":{}}],"line":11},"1":{"loc":{"start":{"line":16,"column":8},"end":{"line":20,"column":14}},"type":"if","locations":[{"start":{"line":16,"column":8},"end":{"line":20,"column":14}},{"start":{},"end":{}}],"line":16},"2":{"loc":{"start":{"line":23,"column":8},"end":{"line":34,"column":9}},"type":"if","locations":[{"start":{"line":23,"column":8},"end":{"line":34,"column":9}},{"start":{},"end":{}}],"line":23},"3":{"loc":{"start":{"line":30,"column":12},"end":{"line":33,"column":14}},"type":"if","locations":[{"start":{"line":30,"column":12},"end":{"line":33,"column":14}},{"start":{},"end":{}}],"line":30},"4":{"loc":{"start":{"line":35,"column":8},"end":{"line":38,"column":10}},"type":"if","locations":[{"start":{"line":35,"column":8},"end":{"line":38,"column":10}},{"start":{},"end":{}}],"line":35},"5":{"loc":{"start":{"line":61,"column":8},"end":{"line":65,"column":14}},"type":"if","locations":[{"start":{"line":61,"column":8},"end":{"line":65,"column":14}},{"start":{},"end":{}}],"line":61},"6":{"loc":{"start":{"line":66,"column":8},"end":{"line":70,"column":14}},"type":"if","locations":[{"start":{"line":66,"column":8},"end":{"line":70,"column":14}},{"start":{},"end":{}}],"line":66},"7":{"loc":{"start":{"line":77,"column":8},"end":{"line":81,"column":14}},"type":"if","locations":[{"start":{"line":77,"column":8},"end":{"line":81,"column":14}},{"start":{},"end":{}}],"line":77},"8":{"loc":{"start":{"line":82,"column":8},"end":{"line":89,"column":9}},"type":"if","locations":[{"start":{"line":82,"column":8},"end":{"line":89,"column":9}},{"start":{},"end":{}}],"line":82}},"s":{"0":4,"1":4,"2":0,"3":0,"4":0,"5":0,"6":0,"7":0,"8":0,"9":0,"10":0,"11":0,"12":0,"13":0,"14":0,"15":0,"16":0,"17":0,"18":0,"19":0,"20":0,"21":4,"22":0,"23":0,"24":0,"25":0,"26":0,"27":0,"28":0,"29":0,"30":0,"31":0,"32":0,"33":0,"34":0,"35":0,"36":0,"37":0,"38":4,"39":0,"40":0,"41":0,"42":0,"43":0,"44":0,"45":4},"f":{"0":0,"1":0,"2":0},"b":{"0":[0,0],"1":[0,0],"2":[0,0],"3":[0,0],"4":[0,0],"5":[0,0],"6":[0,0],"7":[0,0],"8":[0,0]},"_coverageSchema":"1a1c01bbd47fc00a2c39e90264f33305004495a9","hash":"0ca2854bc23de61b2bff91802fef4518a437c666"}
,"/home/meki/Desktop/BIT/webfullstackf2f/backend-healthwatch/controllers/transporteEspecialPaciente.controller.js": {"path":"/home/meki/Desktop/BIT/webfullstackf2f/backend-healthwatch/controllers/transporteEspecialPaciente.controller.js","statementMap":{"0":{"start":{"line":3,"column":36},"end":{"line":3,"column":83}},"1":{"start":{"line":5,"column":41},"end":{"line":53,"column":1}},"2":{"start":{"line":7,"column":25},"end":{"line":7,"column":66}},"3":{"start":{"line":9,"column":4},"end":{"line":52,"column":5}},"4":{"start":{"line":10,"column":8},"end":{"line":10,"column":118}},"5":{"start":{"line":11,"column":8},"end":{"line":15,"column":14}},"6":{"start":{"line":12,"column":12},"end":{"line":15,"column":14}},"7":{"start":{"line":16,"column":8},"end":{"line":20,"column":14}},"8":{"start":{"line":17,"column":12},"end":{"line":20,"column":14}},"9":{"start":{"line":21,"column":31},"end":{"line":21,"column":133}},"10":{"start":{"line":22,"column":8},"end":{"line":22,"column":35}},"11":{"start":{"line":23,"column":8},"end":{"line":34,"column":9}},"12":{"start":{"line":24,"column":30},"end":{"line":29,"column":14}},"13":{"start":{"line":30,"column":12},"end":{"line":33,"column":14}},"14":{"start":{"line":30,"column":27},"end":{"line":33,"column":14}},"15":{"start":{"line":35,"column":8},"end":{"line":38,"column":10}},"16":{"start":{"line":35,"column":33},"end":{"line":38,"column":10}},"17":{"start":{"line":40,"column":8},"end":{"line":40,"column":34}},"18":{"start":{"line":41,"column":8},"end":{"line":44,"column":10}},"19":{"start":{"line":47,"column":8},"end":{"line":47,"column":65}},"20":{"start":{"line":48,"column":8},"end":{"line":51,"column":10}},"21":{"start":{"line":55,"column":41},"end":{"line":97,"column":1}},"22":{"start":{"line":57,"column":25},"end":{"line":57,"column":66}},"23":{"start":{"line":59,"column":4},"end":{"line":96,"column":5}},"24":{"start":{"line":60,"column":8},"end":{"line":60,"column":118}},"25":{"start":{"line":61,"column":8},"end":{"line":65,"column":14}},"26":{"start":{"line":62,"column":12},"end":{"line":65,"column":14}},"27":{"start":{"line":66,"column":8},"end":{"line":70,"column":14}},"28":{"start":{"line":67,"column":12},"end":{"line":70,"column":14}},"29":{"start":{"line":71,"column":24},"end":{"line":76,"column":10}},"30":{"start":{"line":77,"column":8},"end":{"line":81,"column":14}},"31":{"start":{"line":78,"column":12},"end":{"line":81,"column":14}},"32":{"start":{"line":82,"column":8},"end":{"line":89,"column":9}},"33":{"start":{"line":83,"column":12},"end":{"line":83,"column":58}},"34":{"start":{"line":84,"column":12},"end":{"line":84,"column":38}},"35":{"start":{"line":85,"column":12},"end":{"line":88,"column":14}},"36":{"start":{"line":91,"column":8},"end":{"line":91,"column":57}},"37":{"start":{"line":92,"column":8},"end":{"line":95,"column":10}},"38":{"start":{"line":100,"column":48},"end":{"line":117,"column":1}},"39":{"start":{"line":101,"column":4},"end":{"line":116,"column":5}},"40":{"start":{"line":102,"column":27},"end":{"line":102,"column":120}},"41":{"start":{"line":104,"column":21},"end":{"line":104,"column":38}},"42":{"start":{"line":105,"column":8},"end":{"line":109,"column":10}},"43":{"start":{"line":111,"column":8},"end":{"line":111,"column":150}},"44":{"start":{"line":112,"column":8},"end":{"line":115,"column":10}},"45":{"start":{"line":120,"column":0},"end":{"line":124,"column":1}}},"fnMap":{"0":{"name":"(anonymous_0)","decl":{"start":{"line":5,"column":41},"end":{"line":5,"column":42}},"loc":{"start":{"line":5,"column":61},"end":{"line":53,"column":1}},"line":5},"1":{"name":"(anonymous_1)","decl":{"start":{"line":55,"column":41},"end":{"line":55,"column":42}},"loc":{"start":{"line":55,"column":61},"end":{"line":97,"column":1}},"line":55},"2":{"name":"(anonymous_2)","decl":{"start":{"line":100,"column":48},"end":{"line":100,"column":49}},"loc":{"start":{"line":100,"column":68},"end":{"line":117,"column":1}},"line":100}},"branchMap":{"0":{"loc":{"start":{"line":11,"column":8},"end":{"line":15,"column":14}},"type":"if","locations":[{"start":{"line":11,"column":8},"end":{"line":15,"column":14}},{"start":{},"end":{}}],"line":11},"1":{"loc":{"start":{"line":16,"column":8},"end":{"line":20,"column":14}},"type":"if","locations":[{"start":{"line":16,"column":8},"end":{"line":20,"column":14}},{"start":{},"end":{}}],"line":16},"2":{"loc":{"start":{"line":23,"column":8},"end":{"line":34,"column":9}},"type":"if","locations":[{"start":{"line":23,"column":8},"end":{"line":34,"column":9}},{"start":{},"end":{}}],"line":23},"3":{"loc":{"start":{"line":30,"column":12},"end":{"line":33,"column":14}},"type":"if","locations":[{"start":{"line":30,"column":12},"end":{"line":33,"column":14}},{"start":{},"end":{}}],"line":30},"4":{"loc":{"start":{"line":35,"column":8},"end":{"line":38,"column":10}},"type":"if","locations":[{"start":{"line":35,"column":8},"end":{"line":38,"column":10}},{"start":{},"end":{}}],"line":35},"5":{"loc":{"start":{"line":61,"column":8},"end":{"line":65,"column":14}},"type":"if","locations":[{"start":{"line":61,"column":8},"end":{"line":65,"column":14}},{"start":{},"end":{}}],"line":61},"6":{"loc":{"start":{"line":66,"column":8},"end":{"line":70,"column":14}},"type":"if","locations":[{"start":{"line":66,"column":8},"end":{"line":70,"column":14}},{"start":{},"end":{}}],"line":66},"7":{"loc":{"start":{"line":77,"column":8},"end":{"line":81,"column":14}},"type":"if","locations":[{"start":{"line":77,"column":8},"end":{"line":81,"column":14}},{"start":{},"end":{}}],"line":77},"8":{"loc":{"start":{"line":82,"column":8},"end":{"line":89,"column":9}},"type":"if","locations":[{"start":{"line":82,"column":8},"end":{"line":89,"column":9}},{"start":{},"end":{}}],"line":82}},"s":{"0":4,"1":4,"2":0,"3":0,"4":0,"5":0,"6":0,"7":0,"8":0,"9":0,"10":0,"11":0,"12":0,"13":0,"14":0,"15":0,"16":0,"17":0,"18":0,"19":0,"20":0,"21":4,"22":0,"23":0,"24":0,"25":0,"26":0,"27":0,"28":0,"29":0,"30":0,"31":0,"32":0,"33":0,"34":0,"35":0,"36":0,"37":0,"38":4,"39":0,"40":0,"41":0,"42":0,"43":0,"44":0,"45":4},"f":{"0":0,"1":0,"2":0},"b":{"0":[0,0],"1":[0,0],"2":[0,0],"3":[0,0],"4":[0,0],"5":[0,0],"6":[0,0],"7":[0,0],"8":[0,0]},"_coverageSchema":"1a1c01bbd47fc00a2c39e90264f33305004495a9","hash":"fa4b5163d11210325ae0e664c6d3a1f05147cd0b"}
,"/home/meki/Desktop/BIT/webfullstackf2f/backend-healthwatch/controllers/typealert.controller.js": {"path":"/home/meki/Desktop/BIT/webfullstackf2f/backend-healthwatch/controllers/typealert.controller.js","statementMap":{"0":{"start":{"line":1,"column":18},"end":{"line":1,"column":50}},"1":{"start":{"line":3,"column":24},"end":{"line":30,"column":1}},"2":{"start":{"line":5,"column":28},"end":{"line":5,"column":36}},"3":{"start":{"line":6,"column":4},"end":{"line":6,"column":42}},"4":{"start":{"line":7,"column":4},"end":{"line":29,"column":5}},"5":{"start":{"line":8,"column":26},"end":{"line":8,"column":79}},"6":{"start":{"line":9,"column":8},"end":{"line":12,"column":10}},"7":{"start":{"line":9,"column":23},"end":{"line":12,"column":10}},"8":{"start":{"line":13,"column":28},"end":{"line":15,"column":10}},"9":{"start":{"line":17,"column":8},"end":{"line":17,"column":32}},"10":{"start":{"line":18,"column":8},"end":{"line":21,"column":10}},"11":{"start":{"line":24,"column":8},"end":{"line":24,"column":26}},"12":{"start":{"line":25,"column":8},"end":{"line":28,"column":10}},"13":{"start":{"line":33,"column":25},"end":{"line":48,"column":1}},"14":{"start":{"line":34,"column":4},"end":{"line":47,"column":5}},"15":{"start":{"line":35,"column":27},"end":{"line":35,"column":49}},"16":{"start":{"line":36,"column":8},"end":{"line":40,"column":10}},"17":{"start":{"line":42,"column":8},"end":{"line":42,"column":26}},"18":{"start":{"line":43,"column":8},"end":{"line":46,"column":10}},"19":{"start":{"line":51,"column":25},"end":{"line":71,"column":1}},"20":{"start":{"line":52,"column":15},"end":{"line":52,"column":28}},"21":{"start":{"line":53,"column":4},"end":{"line":70,"column":5}},"22":{"start":{"line":54,"column":26},"end":{"line":54,"column":61}},"23":{"start":{"line":55,"column":8},"end":{"line":58,"column":10}},"24":{"start":{"line":55,"column":23},"end":{"line":58,"column":10}},"25":{"start":{"line":59,"column":8},"end":{"line":63,"column":10}},"26":{"start":{"line":65,"column":8},"end":{"line":65,"column":26}},"27":{"start":{"line":66,"column":8},"end":{"line":69,"column":10}},"28":{"start":{"line":74,"column":28},"end":{"line":95,"column":1}},"29":{"start":{"line":75,"column":19},"end":{"line":75,"column":29}},"30":{"start":{"line":76,"column":4},"end":{"line":94,"column":5}},"31":{"start":{"line":77,"column":26},"end":{"line":77,"column":63}},"32":{"start":{"line":78,"column":8},"end":{"line":81,"column":10}},"33":{"start":{"line":78,"column":24},"end":{"line":81,"column":10}},"34":{"start":{"line":82,"column":8},"end":{"line":86,"column":10}},"35":{"start":{"line":89,"column":8},"end":{"line":89,"column":26}},"36":{"start":{"line":90,"column":8},"end":{"line":93,"column":10}},"37":{"start":{"line":98,"column":28},"end":{"line":124,"column":1}},"38":{"start":{"line":99,"column":19},"end":{"line":99,"column":29}},"39":{"start":{"line":100,"column":28},"end":{"line":100,"column":36}},"40":{"start":{"line":101,"column":4},"end":{"line":123,"column":5}},"41":{"start":{"line":102,"column":31},"end":{"line":102,"column":33}},"42":{"start":{"line":103,"column":8},"end":{"line":103,"column":65}},"43":{"start":{"line":103,"column":24},"end":{"line":103,"column":65}},"44":{"start":{"line":104,"column":8},"end":{"line":104,"column":35}},"45":{"start":{"line":105,"column":26},"end":{"line":105,"column":79}},"46":{"start":{"line":106,"column":8},"end":{"line":109,"column":10}},"47":{"start":{"line":106,"column":24},"end":{"line":109,"column":10}},"48":{"start":{"line":110,"column":32},"end":{"line":110,"column":60}},"49":{"start":{"line":111,"column":8},"end":{"line":115,"column":10}},"50":{"start":{"line":118,"column":8},"end":{"line":118,"column":26}},"51":{"start":{"line":119,"column":8},"end":{"line":122,"column":10}},"52":{"start":{"line":127,"column":0},"end":{"line":133,"column":1}}},"fnMap":{"0":{"name":"(anonymous_0)","decl":{"start":{"line":3,"column":24},"end":{"line":3,"column":25}},"loc":{"start":{"line":3,"column":44},"end":{"line":30,"column":1}},"line":3},"1":{"name":"(anonymous_1)","decl":{"start":{"line":33,"column":25},"end":{"line":33,"column":26}},"loc":{"start":{"line":33,"column":45},"end":{"line":48,"column":1}},"line":33},"2":{"name":"(anonymous_2)","decl":{"start":{"line":51,"column":25},"end":{"line":51,"column":26}},"loc":{"start":{"line":51,"column":44},"end":{"line":71,"column":1}},"line":51},"3":{"name":"(anonymous_3)","decl":{"start":{"line":74,"column":28},"end":{"line":74,"column":29}},"loc":{"start":{"line":74,"column":47},"end":{"line":95,"column":1}},"line":74},"4":{"name":"(anonymous_4)","decl":{"start":{"line":98,"column":28},"end":{"line":98,"column":29}},"loc":{"start":{"line":98,"column":47},"end":{"line":124,"column":1}},"line":98}},"branchMap":{"0":{"loc":{"start":{"line":9,"column":8},"end":{"line":12,"column":10}},"type":"if","locations":[{"start":{"line":9,"column":8},"end":{"line":12,"column":10}},{"start":{},"end":{}}],"line":9},"1":{"loc":{"start":{"line":55,"column":8},"end":{"line":58,"column":10}},"type":"if","locations":[{"start":{"line":55,"column":8},"end":{"line":58,"column":10}},{"start":{},"end":{}}],"line":55},"2":{"loc":{"start":{"line":78,"column":8},"end":{"line":81,"column":10}},"type":"if","locations":[{"start":{"line":78,"column":8},"end":{"line":81,"column":10}},{"start":{},"end":{}}],"line":78},"3":{"loc":{"start":{"line":103,"column":8},"end":{"line":103,"column":65}},"type":"if","locations":[{"start":{"line":103,"column":8},"end":{"line":103,"column":65}},{"start":{},"end":{}}],"line":103},"4":{"loc":{"start":{"line":106,"column":8},"end":{"line":109,"column":10}},"type":"if","locations":[{"start":{"line":106,"column":8},"end":{"line":109,"column":10}},{"start":{},"end":{}}],"line":106}},"s":{"0":4,"1":4,"2":0,"3":0,"4":0,"5":0,"6":0,"7":0,"8":0,"9":0,"10":0,"11":0,"12":0,"13":4,"14":0,"15":0,"16":0,"17":0,"18":0,"19":4,"20":0,"21":0,"22":0,"23":0,"24":0,"25":0,"26":0,"27":0,"28":4,"29":0,"30":0,"31":0,"32":0,"33":0,"34":0,"35":0,"36":0,"37":4,"38":0,"39":0,"40":0,"41":0,"42":0,"43":0,"44":0,"45":0,"46":0,"47":0,"48":0,"49":0,"50":0,"51":0,"52":4},"f":{"0":0,"1":0,"2":0,"3":0,"4":0},"b":{"0":[0,0],"1":[0,0],"2":[0,0],"3":[0,0],"4":[0,0]},"_coverageSchema":"1a1c01bbd47fc00a2c39e90264f33305004495a9","hash":"e80c242fa855cbe781cc012fdbf3cf38237a8451"}
[...]
,"/home/meki/Desktop/BIT/webfullstackf2f/backend-healthwatch/models/Upi.js": {"path":"/home/meki/Desktop/BIT/webfullstackf2f/backend-healthwatch/models/Upi.js","statementMap":{"0":{"start":{"line":1,"column":26},"end":{"line":1,"column":45}},"1":{"start":{"line":5,"column":18},"end":{"line":8,"column":19}},"2":{"start":{"line":11,"column":23},"end":{"line":14,"column":19}},"3":{"start":{"line":17,"column":25},"end":{"line":49,"column":18}},"4":{"start":{"line":52,"column":22},"end":{"line":56,"column":18}},"5":{"start":{"line":59,"column":18},"end":{"line":64,"column":2}},"6":{"start":{"line":66,"column":0},"end":{"line":66,"column":48}}},"fnMap":{},"branchMap":{},"s":{"0":4,"1":4,"2":4,"3":4,"4":4,"5":4,"6":4},"f":{},"b":{},"_coverageSchema":"1a1c01bbd47fc00a2c39e90264f33305004495a9","hash":"46c769aa8cd78202796721ab5b356f6c5018d082"}
,"/home/meki/Desktop/BIT/webfullstackf2f/backend-healthwatch/models/User.js": {"path":"/home/meki/Desktop/BIT/webfullstackf2f/backend-healthwatch/models/User.js","statementMap":{"0":{"start":{"line":1,"column":26},"end":{"line":1,"column":45}},"1":{"start":{"line":3,"column":19},"end":{"line":21,"column":2}},"2":{"start":{"line":23,"column":0},"end":{"line":23,"column":43}}},"fnMap":{},"branchMap":{},"s":{"0":4,"1":4,"2":4},"f":{},"b":{},"_coverageSchema":"1a1c01bbd47fc00a2c39e90264f33305004495a9","hash":"c95cdc3f6d98b483030cac49ca4ea32f022aedc1"}
,"/home/meki/Desktop/BIT/webfullstackf2f/backend-healthwatch/models/VacunaFiebre.js": {"path":"/home/meki/Desktop/BIT/webfullstackf2f/backend-healthwatch/models/VacunaFiebre.js","statementMap":{"0":{"start":{"line":1,"column":26},"end":{"line":1,"column":45}},"1":{"start":{"line":5,"column":18},"end":{"line":8,"column":19}},"2":{"start":{"line":11,"column":23},"end":{"line":14,"column":19}},"3":{"start":{"line":17,"column":25},"end":{"line":27,"column":18}},"4":{"start":{"line":30,"column":22},"end":{"line":34,"column":18}},"5":{"start":{"line":37,"column":27},"end":{"line":42,"column":2}},"6":{"start":{"line":44,"column":0},"end":{"line":44,"column":77}}},"fnMap":{},"branchMap":{},"s":{"0":4,"1":4,"2":4,"3":4,"4":4,"5":4,"6":4},"f":{},"b":{},"_coverageSchema":"1a1c01bbd47fc00a2c39e90264f33305004495a9","hash":"2611fea9f9b1dae734aeada28f95e9d3753eaee7"}
,"/home/meki/Desktop/BIT/webfullstackf2f/backend-healthwatch/routes/alert.routes.js": {"path":"/home/meki/Desktop/BIT/webfullstackf2f/backend-healthwatch/routes/alert.routes.js","statementMap":{"0":{"start":{"line":2,"column":16},"end":{"line":2,"column":34}},"1":{"start":{"line":5,"column":15},"end":{"line":5,"column":31}},"2":{"start":{"line":6,"column":106},"end":{"line":6,"column":150}},"3":{"start":{"line":9,"column":26},"end":{"line":9,"column":68}},"4":{"start":{"line":15,"column":0},"end":{"line":15,"column":53}},"5":{"start":{"line":18,"column":0},"end":{"line":18,"column":51}},"6":{"start":{"line":21,"column":0},"end":{"line":21,"column":54}},"7":{"start":{"line":24,"column":0},"end":{"line":24,"column":66}},"8":{"start":{"line":27,"column":0},"end":{"line":27,"column":63}},"9":{"start":{"line":30,"column":0},"end":{"line":30,"column":74}},"10":{"start":{"line":33,"column":0},"end":{"line":33,"column":23}}},"fnMap":{},"branchMap":{},"s":{"0":4,"1":4,"2":4,"3":4,"4":4,"5":4,"6":4,"7":4,"8":4,"9":4,"10":4},"f":{},"b":{},"_coverageSchema":"1a1c01bbd47fc00a2c39e90264f33305004495a9","hash":"5df967eb4b02ac49ce213504be47af6394c11b12"}
,"/home/meki/Desktop/BIT/webfullstackf2f/backend-healthwatch/routes/api.routes.js": {"path":"/home/meki/Desktop/BIT/webfullstackf2f/backend-healthwatch/routes/api.routes.js","statementMap":{"0":{"start":{"line":1,"column":16},"end":{"line":1,"column":34}},"1":{"start":{"line":2,"column":15},"end":{"line":2,"column":31}},"2":{"start":{"line":4,"column":14},"end":{"line":4,"column":39}},"3":{"start":{"line":5,"column":17},"end":{"line":5,"column":45}},"4":{"start":{"line":6,"column":18},"end":{"line":6,"column":47}},"5":{"start":{"line":7,"column":13},"end":{"line":7,"column":37}},"6":{"start":{"line":9,"column":20},"end":{"line":9,"column":51}},"7":{"start":{"line":10,"column":26},"end":{"line":10,"column":63}},"8":{"start":{"line":11,"column":28},"end":{"line":11,"column":67}},"9":{"start":{"line":12,"column":12},"end":{"line":12,"column":35}},"10":{"start":{"line":13,"column":12},"end":{"line":13,"column":35}},"11":{"start":{"line":14,"column":25},"end":{"line":14,"column":61}},"12":{"start":{"line":15,"column":37},"end":{"line":15,"column":85}},"13":{"start":{"line":16,"column":35},"end":{"line":16,"column":81}},"14":{"start":{"line":17,"column":12},"end":{"line":17,"column":35}},"15":{"start":{"line":18,"column":20},"end":{"line":18,"column":52}},"16":{"start":{"line":19,"column":28},"end":{"line":19,"column":69}},"17":{"start":{"line":22,"column":0},"end":{"line":22,"column":25}},"18":{"start":{"line":23,"column":0},"end":{"line":23,"column":28}},"19":{"start":{"line":24,"column":0},"end":{"line":24,"column":29}},"20":{"start":{"line":25,"column":0},"end":{"line":25,"column":24}},"21":{"start":{"line":28,"column":0},"end":{"line":28,"column":31}},"22":{"start":{"line":29,"column":0},"end":{"line":29,"column":37}},"23":{"start":{"line":30,"column":0},"end":{"line":30,"column":39}},"24":{"start":{"line":31,"column":0},"end":{"line":31,"column":23}},"25":{"start":{"line":32,"column":0},"end":{"line":32,"column":23}},"26":{"start":{"line":33,"column":0},"end":{"line":33,"column":36}},"27":{"start":{"line":34,"column":0},"end":{"line":34,"column":48}},"28":{"start":{"line":35,"column":0},"end":{"line":35,"column":46}},"29":{"start":{"line":36,"column":0},"end":{"line":36,"column":23}},"30":{"start":{"line":37,"column":0},"end":{"line":37,"column":32}},"31":{"start":{"line":38,"column":0},"end":{"line":38,"column":41}},"32":{"start":{"line":42,"column":0},"end":{"line":42,"column":23}}},"fnMap":{},"branchMap":{},"s":{"0":4,"1":4,"2":4,"3":4,"4":4,"5":4,"6":4,"7":4,"8":4,"9":4,"10":4,"11":4,"12":4,"13":4,"14":4,"15":4,"16":4,"17":4,"18":4,"19":4,"20":4,"21":4,"22":4,"23":4,"24":4,"25":4,"26":4,"27":4,"28":4,"29":4,"30":4,"31":4,"32":4},"f":{},"b":{},"_coverageSchema":"1a1c01bbd47fc00a2c39e90264f33305004495a9","hash":"60402aff760f830a109fcfbe2d3cb297ca2c28dd"}
,"/home/meki/Desktop/BIT/webfullstackf2f/backend-healthwatch/routes/bancoSangre.routes.js": {"path":"/home/meki/Desktop/BIT/webfullstackf2f/backend-healthwatch/routes/bancoSangre.routes.js","statementMap":{"0":{"start":{"line":1,"column":16},"end":{"line":1,"column":34}},"1":{"start":{"line":4,"column":15},"end":{"line":4,"column":31}},"2":{"start":{"line":7,"column":34},"end":{"line":7,"column":82}},"3":{"start":{"line":10,"column":26},"end":{"line":10,"column":66}},"4":{"start":{"line":14,"column":0},"end":{"line":14,"column":49}},"5":{"start":{"line":15,"column":0},"end":{"line":15,"column":52}},"6":{"start":{"line":16,"column":0},"end":{"line":16,"column":52}},"7":{"start":{"line":18,"column":0},"end":{"line":18,"column":23}}},"fnMap":{},"branchMap":{},"s":{"0":4,"1":4,"2":4,"3":4,"4":4,"5":4,"6":4,"7":4},"f":{},"b":{},"_coverageSchema":"1a1c01bbd47fc00a2c39e90264f33305004495a9","hash":"f84e95710d66a4a2431507da39ea358be437939e"}
,"/home/meki/Desktop/BIT/webfullstackf2f/backend-healthwatch/routes/collectionsController.routes.js": {"path":"/home/meki/Desktop/BIT/webfullstackf2f/backend-healthwatch/routes/collectionsController.routes.js","statementMap":{"0":{"start":{"line":1,"column":16},"end":{"line":1,"column":34}},"1":{"start":{"line":3,"column":15},"end":{"line":3,"column":31}},"2":{"start":{"line":4,"column":29},"end":{"line":4,"column":76}},"3":{"start":{"line":6,"column":0},"end":{"line":6,"column":52}},"4":{"start":{"line":8,"column":0},"end":{"line":8,"column":24}}},"fnMap":{},"branchMap":{},"s":{"0":4,"1":4,"2":4,"3":4,"4":4},"f":{},"b":{},"_coverageSchema":"1a1c01bbd47fc00a2c39e90264f33305004495a9","hash":"1fd4764e3a8bedf41fa3b2729fad2baea159e697"}
,"/home/meki/Desktop/BIT/webfullstackf2f/backend-healthwatch/routes/consultorioMedico.routes.js": {"path":"/home/meki/Desktop/BIT/webfullstackf2f/backend-healthwatch/routes/consultorioMedico.routes.js","statementMap":{"0":{"start":{"line":1,"column":16},"end":{"line":1,"column":34}},"1":{"start":{"line":4,"column":15},"end":{"line":4,"column":31}},"2":{"start":{"line":7,"column":40},"end":{"line":7,"column":94}},"3":{"start":{"line":10,"column":26},"end":{"line":10,"column":66}},"4":{"start":{"line":14,"column":0},"end":{"line":14,"column":61}},"5":{"start":{"line":15,"column":0},"end":{"line":15,"column":64}},"6":{"start":{"line":16,"column":0},"end":{"line":16,"column":64}},"7":{"start":{"line":18,"column":0},"end":{"line":18,"column":23}}},"fnMap":{},"branchMap":{},"s":{"0":4,"1":4,"2":4,"3":4,"4":4,"5":4,"6":4,"7":4},"f":{},"b":{},"_coverageSchema":"1a1c01bbd47fc00a2c39e90264f33305004495a9","hash":"416620591cfe235929a6370224c1f9ea664be59a"}
,"/home/meki/Desktop/BIT/webfullstackf2f/backend-healthwatch/routes/entidadFarmaceutica.routes.js": {"path":"/home/meki/Desktop/BIT/webfullstackf2f/backend-healthwatch/routes/entidadFarmaceutica.routes.js","statementMap":{"0":{"start":{"line":1,"column":16},"end":{"line":1,"column":34}},"1":{"start":{"line":4,"column":15},"end":{"line":4,"column":31}},"2":{"start":{"line":7,"column":42},"end":{"line":7,"column":98}},"3":{"start":{"line":10,"column":26},"end":{"line":10,"column":66}},"4":{"start":{"line":14,"column":0},"end":{"line":14,"column":65}},"5":{"start":{"line":15,"column":0},"end":{"line":15,"column":68}},"6":{"start":{"line":16,"column":0},"end":{"line":16,"column":68}},"7":{"start":{"line":18,"column":0},"end":{"line":18,"column":23}}},"fnMap":{},"branchMap":{},"s":{"0":4,"1":4,"2":4,"3":4,"4":4,"5":4,"6":4,"7":4},"f":{},"b":{},"_coverageSchema":"1a1c01bbd47fc00a2c39e90264f33305004495a9","hash":"5e8205c9ace307d484bebcbcc21c0cef97f91f22"}
,"/home/meki/Desktop/BIT/webfullstackf2f/backend-healthwatch/routes/eps.routes.js": {"path":"/home/meki/Desktop/BIT/webfullstackf2f/backend-healthwatch/routes/eps.routes.js","statementMap":{"0":{"start":{"line":1,"column":16},"end":{"line":1,"column":34}},"1":{"start":{"line":4,"column":15},"end":{"line":4,"column":31}},"2":{"start":{"line":5,"column":50},"end":{"line":5,"column":90}},"3":{"start":{"line":8,"column":0},"end":{"line":8,"column":33}},"4":{"start":{"line":9,"column":0},"end":{"line":9,"column":36}},"5":{"start":{"line":10,"column":0},"end":{"line":10,"column":36}},"6":{"start":{"line":12,"column":0},"end":{"line":12,"column":23}}},"fnMap":{},"branchMap":{},"s":{"0":4,"1":4,"2":4,"3":4,"4":4,"5":4,"6":4},"f":{},"b":{},"_coverageSchema":"1a1c01bbd47fc00a2c39e90264f33305004495a9","hash":"c3332c0a932797d574716098577565f31d2374bf"}
,"/home/meki/Desktop/BIT/webfullstackf2f/backend-healthwatch/routes/incident.routes.js": {"path":"/home/meki/Desktop/BIT/webfullstackf2f/backend-healthwatch/routes/incident.routes.js","statementMap":{"0":{"start":{"line":2,"column":16},"end":{"line":2,"column":34}},"1":{"start":{"line":5,"column":15},"end":{"line":5,"column":31}},"2":{"start":{"line":6,"column":99},"end":{"line":6,"column":146}},"3":{"start":{"line":9,"column":26},"end":{"line":9,"column":68}},"4":{"start":{"line":15,"column":0},"end":{"line":15,"column":59}},"5":{"start":{"line":18,"column":0},"end":{"line":18,"column":41}},"6":{"start":{"line":21,"column":0},"end":{"line":21,"column":45}},"7":{"start":{"line":24,"column":0},"end":{"line":24,"column":72}},"8":{"start":{"line":27,"column":0},"end":{"line":27,"column":69}},"9":{"start":{"line":30,"column":0},"end":{"line":30,"column":23}}},"fnMap":{},"branchMap":{},"s":{"0":4,"1":4,"2":4,"3":4,"4":4,"5":4,"6":4,"7":4,"8":4,"9":4},"f":{},"b":{},"_coverageSchema":"1a1c01bbd47fc00a2c39e90264f33305004495a9","hash":"34ea63698f7d07e66d28b5ba98efdd93ac7a4ddf"}
,"/home/meki/Desktop/BIT/webfullstackf2f/backend-healthwatch/routes/ips.routes.js": {"path":"/home/meki/Desktop/BIT/webfullstackf2f/backend-healthwatch/routes/ips.routes.js","statementMap":{"0":{"start":{"line":1,"column":16},"end":{"line":1,"column":34}},"1":{"start":{"line":4,"column":15},"end":{"line":4,"column":31}},"2":{"start":{"line":7,"column":26},"end":{"line":7,"column":66}},"3":{"start":{"line":10,"column":26},"end":{"line":10,"column":66}},"4":{"start":{"line":14,"column":0},"end":{"line":14,"column":33}},"5":{"start":{"line":15,"column":0},"end":{"line":15,"column":36}},"6":{"start":{"line":16,"column":0},"end":{"line":16,"column":36}},"7":{"start":{"line":18,"column":0},"end":{"line":18,"column":23}}},"fnMap":{},"branchMap":{},"s":{"0":4,"1":4,"2":4,"3":4,"4":4,"5":4,"6":4,"7":4},"f":{},"b":{},"_coverageSchema":"1a1c01bbd47fc00a2c39e90264f33305004495a9","hash":"8e4b52890179a719bd2a6a3d1fc82780f46e5dd7"}
,"/home/meki/Desktop/BIT/webfullstackf2f/backend-healthwatch/routes/redAdscritaSalud.routes.js": {"path":"/home/meki/Desktop/BIT/webfullstackf2f/backend-healthwatch/routes/redAdscritaSalud.routes.js","statementMap":{"0":{"start":{"line":1,"column":16},"end":{"line":1,"column":34}},"1":{"start":{"line":4,"column":15},"end":{"line":4,"column":31}},"2":{"start":{"line":7,"column":39},"end":{"line":7,"column":92}},"3":{"start":{"line":10,"column":26},"end":{"line":10,"column":66}},"4":{"start":{"line":14,"column":0},"end":{"line":14,"column":59}},"5":{"start":{"line":15,"column":0},"end":{"line":15,"column":62}},"6":{"start":{"line":16,"column":0},"end":{"line":16,"column":62}},"7":{"start":{"line":18,"column":0},"end":{"line":18,"column":23}}},"fnMap":{},"branchMap":{},"s":{"0":4,"1":4,"2":4,"3":4,"4":4,"5":4,"6":4,"7":4},"f":{},"b":{},"_coverageSchema":"1a1c01bbd47fc00a2c39e90264f33305004495a9","hash":"687ba0b29c9af4bdbc19ce73bf8a1efba2f34e06"}
,"/home/meki/Desktop/BIT/webfullstackf2f/backend-healthwatch/routes/servicioTransfusionSanguinea.routes.js": {"path":"/home/meki/Desktop/BIT/webfullstackf2f/backend-healthwatch/routes/servicioTransfusionSanguinea.routes.js","statementMap":{"0":{"start":{"line":1,"column":16},"end":{"line":1,"column":34}},"1":{"start":{"line":4,"column":15},"end":{"line":4,"column":31}},"2":{"start":{"line":7,"column":51},"end":{"line":7,"column":116}},"3":{"start":{"line":10,"column":26},"end":{"line":10,"column":66}},"4":{"start":{"line":14,"column":0},"end":{"line":14,"column":83}},"5":{"start":{"line":15,"column":0},"end":{"line":15,"column":86}},"6":{"start":{"line":16,"column":0},"end":{"line":16,"column":86}},"7":{"start":{"line":18,"column":0},"end":{"line":18,"column":23}}},"fnMap":{},"branchMap":{},"s":{"0":4,"1":4,"2":4,"3":4,"4":4,"5":4,"6":4,"7":4},"f":{},"b":{},"_coverageSchema":"1a1c01bbd47fc00a2c39e90264f33305004495a9","hash":"2f4f6200bb25260eb70ae069ecf4439f068deffe"}
,"/home/meki/Desktop/BIT/webfullstackf2f/backend-healthwatch/routes/transporteEspecialPaciente.routes.js": {"path":"/home/meki/Desktop/BIT/webfullstackf2f/backend-healthwatch/routes/transporteEspecialPaciente.routes.js","statementMap":{"0":{"start":{"line":1,"column":16},"end":{"line":1,"column":34}},"1":{"start":{"line":4,"column":15},"end":{"line":4,"column":31}},"2":{"start":{"line":7,"column":49},"end":{"line":7,"column":112}},"3":{"start":{"line":10,"column":26},"end":{"line":10,"column":66}},"4":{"start":{"line":14,"column":0},"end":{"line":14,"column":79}},"5":{"start":{"line":15,"column":0},"end":{"line":15,"column":82}},"6":{"start":{"line":16,"column":0},"end":{"line":16,"column":82}},"7":{"start":{"line":18,"column":0},"end":{"line":18,"column":23}}},"fnMap":{},"branchMap":{},"s":{"0":4,"1":4,"2":4,"3":4,"4":4,"5":4,"6":4,"7":4},"f":{},"b":{},"_coverageSchema":"1a1c01bbd47fc00a2c39e90264f33305004495a9","hash":"5ed2ecaf8e929efde8f24e8e4048c07aae1421b1"}
,"/home/meki/Desktop/BIT/webfullstackf2f/backend-healthwatch/routes/typealert.routes.js": {"path":"/home/meki/Desktop/BIT/webfullstackf2f/backend-healthwatch/routes/typealert.routes.js","statementMap":{"0":{"start":{"line":1,"column":16},"end":{"line":1,"column":34}},"1":{"start":{"line":4,"column":15},"end":{"line":4,"column":31}},"2":{"start":{"line":5,"column":104},"end":{"line":5,"column":152}},"3":{"start":{"line":8,"column":26},"end":{"line":8,"column":68}},"4":{"start":{"line":14,"column":0},"end":{"line":14,"column":60}},"5":{"start":{"line":17,"column":0},"end":{"line":17,"column":58}},"6":{"start":{"line":20,"column":0},"end":{"line":20,"column":61}},"7":{"start":{"line":23,"column":0},"end":{"line":23,"column":74}},"8":{"start":{"line":26,"column":0},"end":{"line":26,"column":71}},"9":{"start":{"line":28,"column":0},"end":{"line":28,"column":23}}},"fnMap":{},"branchMap":{},"s":{"0":4,"1":4,"2":4,"3":4,"4":4,"5":4,"6":4,"7":4,"8":4,"9":4},"f":{},"b":{},"_coverageSchema":"1a1c01bbd47fc00a2c39e90264f33305004495a9","hash":"7be1514a3be88df6df1d143132148f68851d67b9"}
,"/home/meki/Desktop/BIT/webfullstackf2f/backend-healthwatch/routes/upi.routes.js": {"path":"/home/meki/Desktop/BIT/webfullstackf2f/backend-healthwatch/routes/upi.routes.js","statementMap":{"0":{"start":{"line":1,"column":16},"end":{"line":1,"column":34}},"1":{"start":{"line":4,"column":15},"end":{"line":4,"column":31}},"2":{"start":{"line":7,"column":26},"end":{"line":7,"column":66}},"3":{"start":{"line":10,"column":26},"end":{"line":10,"column":66}},"4":{"start":{"line":14,"column":0},"end":{"line":14,"column":33}},"5":{"start":{"line":15,"column":0},"end":{"line":15,"column":36}},"6":{"start":{"line":16,"column":0},"end":{"line":16,"column":36}},"7":{"start":{"line":18,"column":0},"end":{"line":18,"column":23}}},"fnMap":{},"branchMap":{},"s":{"0":4,"1":4,"2":4,"3":4,"4":4,"5":4,"6":4,"7":4},"f":{},"b":{},"_coverageSchema":"1a1c01bbd47fc00a2c39e90264f33305004495a9","hash":"7dbc63065a6cf57ac7055fc40bda2c796b9b065f"}
,"/home/meki/Desktop/BIT/webfullstackf2f/backend-healthwatch/routes/user.routes.js": {"path":"/home/meki/Desktop/BIT/webfullstackf2f/backend-healthwatch/routes/user.routes.js","statementMap":{"0":{"start":{"line":1,"column":16},"end":{"line":1,"column":34}},"1":{"start":{"line":4,"column":15},"end":{"line":4,"column":31}},"2":{"start":{"line":9,"column":27},"end":{"line":9,"column":70}},"3":{"start":{"line":13,"column":26},"end":{"line":13,"column":68}},"4":{"start":{"line":16,"column":14},"end":{"line":16,"column":57}},"5":{"start":{"line":17,"column":22},"end":{"line":17,"column":67}},"6":{"start":{"line":20,"column":0},"end":{"line":20,"column":58}},"7":{"start":{"line":24,"column":0},"end":{"line":24,"column":32}},"8":{"start":{"line":27,"column":0},"end":{"line":27,"column":38}},"9":{"start":{"line":30,"column":0},"end":{"line":30,"column":52}},"10":{"start":{"line":33,"column":0},"end":{"line":33,"column":61}},"11":{"start":{"line":35,"column":0},"end":{"line":35,"column":23}}},"fnMap":{},"branchMap":{},"s":{"0":4,"1":4,"2":4,"3":4,"4":4,"5":4,"6":4,"7":4,"8":4,"9":4,"10":4,"11":4},"f":{},"b":{},"_coverageSchema":"1a1c01bbd47fc00a2c39e90264f33305004495a9","hash":"5394e3cc043803acbb035687b32f82675c05b297"}
,"/home/meki/Desktop/BIT/webfullstackf2f/backend-healthwatch/routes/vacunaFiebre.routes.js": {"path":"/home/meki/Desktop/BIT/webfullstackf2f/backend-healthwatch/routes/vacunaFiebre.routes.js","statementMap":{"0":{"start":{"line":1,"column":16},"end":{"line":1,"column":34}},"1":{"start":{"line":4,"column":15},"end":{"line":4,"column":31}},"2":{"start":{"line":7,"column":35},"end":{"line":7,"column":84}},"3":{"start":{"line":10,"column":26},"end":{"line":10,"column":66}},"4":{"start":{"line":14,"column":0},"end":{"line":14,"column":51}},"5":{"start":{"line":15,"column":0},"end":{"line":15,"column":54}},"6":{"start":{"line":16,"column":0},"end":{"line":16,"column":54}},"7":{"start":{"line":18,"column":0},"end":{"line":18,"column":23}}},"fnMap":{},"branchMap":{},"s":{"0":4,"1":4,"2":4,"3":4,"4":4,"5":4,"6":4,"7":4},"f":{},"b":{},"_coverageSchema":"1a1c01bbd47fc00a2c39e90264f33305004495a9","hash":"fda9fcfe24799cfdec97014a6b0257c25789d85b"}
}
