TN:
SF:index.js
FNF:0
FNH:0
DA:1,4
DA:2,4
DA:5,4
DA:8,4
DA:11,4
DA:13,4
DA:15,4
DA:17,4
DA:18,4
DA:19,4
DA:20,4
DA:26,4
DA:31,4
DA:34,4
DA:38,4
DA:52,4
LF:16
LH:16
BRF:0
BRH:0
end_of_record
TN:
SF:controllers/alert.controller.js
FN:4,(anonymous_0)
FN:38,(anonymous_1)
FN:56,(anonymous_2)
FN:79,(anonymous_3)
FN:103,(anonymous_4)
FN:137,(anonymous_5)
FNF:6
FNH:0
FNDA:0,(anonymous_0)
FNDA:0,(anonymous_1)
FNDA:0,(anonymous_2)
FNDA:0,(anonymous_3)
FNDA:0,(anonymous_4)
FNDA:0,(anonymous_5)
DA:1,4
DA:4,4
DA:5,0
DA:6,0
DA:7,0
DA:8,0
DA:13,0
DA:23,0
DA:24,0
DA:29,0
DA:30,0
DA:38,4
DA:39,0
DA:40,0
DA:41,0
DA:47,0
DA:48,0
DA:56,4
DA:57,0
DA:58,0
DA:59,0
DA:60,0
DA:64,0
DA:70,0
DA:71,0
DA:79,4
DA:80,0
DA:81,0
DA:82,0
DA:83,0
DA:87,0
DA:94,0
DA:95,0
DA:103,4
DA:104,0
DA:105,0
DA:106,0
DA:107,0
DA:108,0
DA:109,0
DA:110,0
DA:111,0
DA:112,0
DA:113,0
DA:114,0
DA:115,0
DA:119,0
DA:120,0
DA:127,0
DA:128,0
DA:137,4
DA:138,0
DA:139,0
DA:140,0
DA:141,0
DA:142,0
DA:146,0
DA:152,0
DA:153,0
DA:161,4
LF:60
LH:8
BRDA:8,0,0,0
BRDA:8,0,1,0
BRDA:60,1,0,0
BRDA:60,1,1,0
BRDA:83,2,0,0
BRDA:83,2,1,0
BRDA:108,3,0,0
BRDA:108,3,1,0
BRDA:109,4,0,0
BRDA:109,4,1,0
BRDA:110,5,0,0
BRDA:110,5,1,0
BRDA:111,6,0,0
BRDA:111,6,1,0
BRDA:112,7,0,0
BRDA:112,7,1,0
BRDA:115,8,0,0
BRDA:115,8,1,0
BRDA:142,9,0,0
BRDA:142,9,1,0
BRF:20
BRH:0
end_of_record
TN:
SF:controllers/bancoSangre.controller.js
FN:5,(anonymous_0)
FN:55,(anonymous_1)
FN:100,(anonymous_2)
FNF:3
FNH:3
FNDA:4,(anonymous_0)
FNDA:3,(anonymous_1)
FNDA:2,(anonymous_2)
DA:3,4
DA:5,4
DA:7,4
DA:8,4
DA:9,4
DA:11,4
DA:12,4
DA:13,1
DA:18,3
DA:19,1
DA:23,2
DA:24,2
DA:25,2
DA:26,1
DA:32,1
DA:35,0
DA:40,1
DA:41,1
DA:47,0
DA:48,0
DA:55,4
DA:57,3
DA:59,3
DA:60,3
DA:61,3
DA:62,1
DA:66,2
DA:67,1
DA:71,1
DA:77,1
DA:78,0
DA:82,1
DA:83,1
DA:84,1
DA:85,1
DA:91,0
DA:92,0
DA:100,4
DA:101,2
DA:103,2
DA:104,2
DA:105,2
DA:106,1
DA:108,1
DA:109,1
DA:116,1
DA:122,0
DA:123,0
DA:131,4
LF:49
LH:41
BRDA:12,0,0,1
BRDA:12,0,1,3
BRDA:18,1,0,1
BRDA:18,1,1,2
BRDA:25,2,0,1
BRDA:25,2,1,1
BRDA:32,3,0,1
BRDA:32,3,1,0
BRDA:61,4,0,1
BRDA:61,4,1,2
BRDA:66,5,0,1
BRDA:66,5,1,1
BRDA:77,6,0,0
BRDA:77,6,1,1
BRDA:82,7,0,1
BRDA:82,7,1,0
BRDA:105,8,0,1
BRDA:105,8,1,1
BRDA:105,9,0,2
BRDA:105,9,1,2
BRF:20
BRH:17
end_of_record
TN:
SF:controllers/collectionsController.js
FN:17,(anonymous_0)
FN:19,(anonymous_1)
FNF:2
FNH:0
FNDA:0,(anonymous_0)
FNDA:0,(anonymous_1)
DA:1,4
DA:4,4
DA:17,4
DA:18,0
DA:19,0
DA:20,0
DA:22,0
DA:66,0
DA:68,0
DA:69,0
DA:77,0
DA:80,0
DA:82,0
DA:83,0
DA:86,4
LF:15
LH:4
BRDA:22,0,0,0
BRDA:22,0,1,0
BRDA:68,1,0,0
BRDA:68,1,1,0
BRF:4
BRH:0
end_of_record
TN:
SF:controllers/consultorioMedico.controller.js
FN:5,(anonymous_0)
FN:55,(anonymous_1)
FN:100,(anonymous_2)
FNF:3
FNH:3
FNDA:4,(anonymous_0)
FNDA:3,(anonymous_1)
FNDA:2,(anonymous_2)
DA:3,4
DA:5,4
DA:7,4
DA:9,4
DA:10,4
DA:11,4
DA:12,1
DA:16,3
DA:17,1
DA:21,2
DA:22,2
DA:23,2
DA:24,1
DA:30,1
DA:34,0
DA:40,1
DA:41,1
DA:47,0
DA:48,0
DA:55,4
DA:57,3
DA:59,3
DA:60,3
DA:61,3
DA:62,1
DA:66,2
DA:67,1
DA:71,1
DA:77,1
DA:78,0
DA:82,1
DA:83,1
DA:84,1
DA:85,1
DA:91,0
DA:92,0
DA:100,4
DA:101,2
DA:102,2
DA:103,2
DA:104,1
DA:110,1
DA:112,1
DA:113,1
DA:119,0
DA:120,0
DA:128,4
LF:47
LH:39
BRDA:11,0,0,1
BRDA:11,0,1,3
BRDA:16,1,0,1
BRDA:16,1,1,2
BRDA:23,2,0,1
BRDA:23,2,1,1
BRDA:30,3,0,1
BRDA:30,3,1,0
BRDA:61,4,0,1
BRDA:61,4,1,2
BRDA:66,5,0,1
BRDA:66,5,1,1
BRDA:77,6,0,0
BRDA:77,6,1,1
BRDA:82,7,0,1
BRDA:82,7,1,0
BRDA:103,8,0,1
BRDA:103,8,1,1
BRDA:103,9,0,2
BRDA:103,9,1,2
BRDA:103,9,2,2
BRF:21
BRH:18
end_of_record
TN:
SF:controllers/entidadFarmaceutica.controller.js
FN:5,(anonymous_0)
FN:55,(anonymous_1)
FN:100,(anonymous_2)
FNF:3
FNH:3
FNDA:4,(anonymous_0)
FNDA:3,(anonymous_1)
FNDA:1,(anonymous_2)
DA:3,4
DA:5,4
DA:7,4
DA:9,4
DA:10,4
DA:11,4
DA:12,1
DA:16,3
DA:17,1
DA:21,2
DA:22,2
DA:23,2
DA:24,1
DA:30,1
DA:35,1
DA:40,1
DA:41,1
DA:47,0
DA:48,0
DA:55,4
DA:57,3
DA:59,3
DA:60,3
DA:61,3
DA:62,1
DA:66,2
DA:67,1
DA:71,1
DA:77,1
DA:78,0
DA:82,1
DA:83,1
DA:84,1
DA:85,1
DA:91,0
DA:92,0
DA:100,4
DA:101,1
DA:102,1
DA:104,1
DA:105,1
DA:111,0
DA:112,0
DA:120,4
LF:44
LH:37
BRDA:11,0,0,1
BRDA:11,0,1,3
BRDA:16,1,0,1
BRDA:16,1,1,2
BRDA:23,2,0,1
BRDA:23,2,1,1
BRDA:30,3,0,1
BRDA:30,3,1,0
BRDA:35,4,0,0
BRDA:35,4,1,1
BRDA:61,5,0,1
BRDA:61,5,1,2
BRDA:66,6,0,1
BRDA:66,6,1,1
BRDA:77,7,0,0
BRDA:77,7,1,1
BRDA:82,8,0,1
BRDA:82,8,1,0
BRF:18
BRH:14
end_of_record
TN:
SF:controllers/eps.controller.js
FN:5,(anonymous_0)
FN:55,(anonymous_1)
FN:100,(anonymous_2)
FNF:3
FNH:0
FNDA:0,(anonymous_0)
FNDA:0,(anonymous_1)
FNDA:0,(anonymous_2)
DA:3,4
DA:5,4
DA:7,0
DA:9,0
DA:10,0
DA:11,0
DA:12,0
DA:16,0
DA:17,0
DA:21,0
DA:22,0
DA:23,0
DA:24,0
DA:30,0
DA:35,0
DA:40,0
DA:41,0
DA:47,0
DA:48,0
DA:55,4
DA:57,0
DA:59,0
DA:60,0
DA:61,0
DA:62,0
DA:66,0
DA:67,0
DA:71,0
DA:77,0
DA:78,0
DA:82,0
DA:83,0
DA:84,0
DA:85,0
DA:91,0
DA:92,0
DA:100,4
DA:101,0
DA:102,0
DA:104,0
DA:105,0
DA:111,0
DA:112,0
DA:120,4
LF:44
LH:5
BRDA:11,0,0,0
BRDA:11,0,1,0
BRDA:16,1,0,0
BRDA:16,1,1,0
BRDA:23,2,0,0
BRDA:23,2,1,0
BRDA:30,3,0,0
BRDA:30,3,1,0
BRDA:35,4,0,0
BRDA:35,4,1,0
BRDA:61,5,0,0
BRDA:61,5,1,0
BRDA:66,6,0,0
BRDA:66,6,1,0
BRDA:77,7,0,0
BRDA:77,7,1,0
BRDA:82,8,0,0
BRDA:82,8,1,0
BRF:18
BRH:0
end_of_record
TN:
SF:controllers/incident.controller.js
FN:4,(anonymous_0)
FN:40,(anonymous_1)
FN:58,(anonymous_2)
FN:81,(anonymous_3)
FN:105,(anonymous_4)
FNF:5
FNH:0
FNDA:0,(anonymous_0)
FNDA:0,(anonymous_1)
FNDA:0,(anonymous_2)
FNDA:0,(anonymous_3)
FNDA:0,(anonymous_4)
DA:1,4
DA:4,4
DA:5,0
DA:6,0
DA:7,0
DA:8,0
DA:13,0
DA:25,0
DA:26,0
DA:31,0
DA:32,0
DA:40,4
DA:41,0
DA:42,0
DA:43,0
DA:49,0
DA:50,0
DA:58,4
DA:59,0
DA:60,0
DA:61,0
DA:62,0
DA:66,0
DA:72,0
DA:73,0
DA:81,4
DA:82,0
DA:83,0
DA:84,0
DA:85,0
DA:89,0
DA:96,0
DA:97,0
DA:105,4
DA:106,0
DA:107,0
DA:108,0
DA:109,0
DA:110,0
DA:111,0
DA:112,0
DA:113,0
DA:114,0
DA:115,0
DA:116,0
DA:117,0
DA:119,0
DA:120,0
DA:121,0
DA:125,0
DA:126,0
DA:133,0
DA:134,0
DA:142,4
LF:54
LH:7
BRDA:8,0,0,0
BRDA:8,0,1,0
BRDA:62,1,0,0
BRDA:62,1,1,0
BRDA:85,2,0,0
BRDA:85,2,1,0
BRDA:110,3,0,0
BRDA:110,3,1,0
BRDA:111,4,0,0
BRDA:111,4,1,0
BRDA:112,5,0,0
BRDA:112,5,1,0
BRDA:113,6,0,0
BRDA:113,6,1,0
BRDA:114,7,0,0
BRDA:114,7,1,0
BRDA:115,8,0,0
BRDA:115,8,1,0
BRDA:116,9,0,0
BRDA:116,9,1,0
BRDA:117,10,0,0
BRDA:117,10,1,0
BRDA:121,11,0,0
BRDA:121,11,1,0
BRF:24
BRH:0
end_of_record
TN:
SF:controllers/ips.controller.js
FN:5,(anonymous_0)
FN:55,(anonymous_1)
FN:100,(anonymous_2)
FNF:3
FNH:0
FNDA:0,(anonymous_0)
FNDA:0,(anonymous_1)
FNDA:0,(anonymous_2)
DA:3,4
DA:5,4
DA:7,0
DA:9,0
DA:10,0
DA:11,0
DA:12,0
DA:16,0
DA:17,0
DA:21,0
DA:22,0
DA:23,0
DA:24,0
DA:30,0
DA:35,0
DA:40,0
DA:41,0
DA:47,0
DA:48,0
DA:55,4
DA:57,0
DA:59,0
DA:60,0
DA:61,0
DA:62,0
DA:66,0
DA:67,0
DA:71,0
DA:77,0
DA:78,0
DA:82,0
DA:83,0
DA:84,0
DA:85,0
DA:91,0
DA:92,0
DA:100,4
DA:101,0
DA:102,0
DA:104,0
DA:105,0
DA:111,0
DA:112,0
DA:120,4
LF:44
LH:5
BRDA:11,0,0,0
BRDA:11,0,1,0
BRDA:16,1,0,0
BRDA:16,1,1,0
BRDA:23,2,0,0
BRDA:23,2,1,0
BRDA:30,3,0,0
BRDA:30,3,1,0
BRDA:35,4,0,0
BRDA:35,4,1,0
BRDA:61,5,0,0
BRDA:61,5,1,0
BRDA:66,6,0,0
BRDA:66,6,1,0
BRDA:77,7,0,0
BRDA:77,7,1,0
BRDA:82,8,0,0
BRDA:82,8,1,0
BRF:18
BRH:0
end_of_record
TN:
SF:controllers/redAdscritaSalud.controller.js
FN:5,(anonymous_0)
FN:55,(anonymous_1)
FN:100,(anonymous_2)
FNF:3
FNH:0
FNDA:0,(anonymous_0)
FNDA:0,(anonymous_1)
FNDA:0,(anonymous_2)
DA:3,4
DA:5,4
DA:7,0
DA:9,0
DA:10,0
DA:11,0
DA:12,0
DA:16,0
DA:17,0
DA:21,0
DA:22,0
DA:23,0
DA:24,0
DA:30,0
DA:35,0
DA:40,0
DA:41,0
DA:47,0
DA:48,0
DA:55,4
DA:57,0
DA:59,0
DA:60,0
DA:61,0
DA:62,0
DA:66,0
DA:67,0
DA:71,0
DA:77,0
DA:78,0
DA:82,0
DA:83,0
DA:84,0
DA:85,0
DA:91,0
DA:92,0
DA:100,4
DA:101,0
DA:102,0
DA:104,0
DA:105,0
DA:111,0
DA:112,0
DA:120,4
LF:44
LH:5
BRDA:11,0,0,0
BRDA:11,0,1,0
BRDA:16,1,0,0
BRDA:16,1,1,0
BRDA:23,2,0,0
BRDA:23,2,1,0
BRDA:30,3,0,0
BRDA:30,3,1,0
BRDA:35,4,0,0
BRDA:35,4,1,0
BRDA:61,5,0,0
BRDA:61,5,1,0
BRDA:66,6,0,0
BRDA:66,6,1,0
BRDA:77,7,0,0
BRDA:77,7,1,0
BRDA:82,8,0,0
BRDA:82,8,1,0
BRF:18
BRH:0
end_of_record
TN:
SF:controllers/servicioTransfusionSanguinea.controller.js
FN:5,(anonymous_0)
FN:55,(anonymous_1)
FN:100,(anonymous_2)
FNF:3
FNH:0
FNDA:0,(anonymous_0)
FNDA:0,(anonymous_1)
FNDA:0,(anonymous_2)
DA:3,4
DA:5,4
DA:7,0
DA:9,0
DA:10,0
DA:11,0
DA:12,0
DA:16,0
DA:17,0
DA:21,0
DA:22,0
DA:23,0
DA:24,0
DA:30,0
DA:35,0
DA:40,0
DA:41,0
DA:47,0
DA:48,0
DA:55,4
DA:57,0
DA:59,0
DA:60,0
DA:61,0
DA:62,0
DA:66,0
DA:67,0
DA:71,0
DA:77,0
DA:78,0
DA:82,0
DA:83,0
DA:84,0
DA:85,0
DA:91,0
DA:92,0
DA:100,4
DA:101,0
DA:102,0
DA:104,0
DA:105,0
DA:111,0
DA:112,0
DA:120,4
LF:44
LH:5
BRDA:11,0,0,0
BRDA:11,0,1,0
BRDA:16,1,0,0
BRDA:16,1,1,0
BRDA:23,2,0,0
BRDA:23,2,1,0
BRDA:30,3,0,0
BRDA:30,3,1,0
BRDA:35,4,0,0
BRDA:35,4,1,0
BRDA:61,5,0,0
BRDA:61,5,1,0
BRDA:66,6,0,0
BRDA:66,6,1,0
BRDA:77,7,0,0
BRDA:77,7,1,0
BRDA:82,8,0,0
BRDA:82,8,1,0
BRF:18
BRH:0
end_of_record
TN:
SF:controllers/transporteEspecialPaciente.controller.js
FN:5,(anonymous_0)
FN:55,(anonymous_1)
FN:100,(anonymous_2)
FNF:3
FNH:0
FNDA:0,(anonymous_0)
FNDA:0,(anonymous_1)
FNDA:0,(anonymous_2)
DA:3,4
DA:5,4
DA:7,0
DA:9,0
DA:10,0
DA:11,0
DA:12,0
DA:16,0
DA:17,0
DA:21,0
DA:22,0
DA:23,0
DA:24,0
DA:30,0
DA:35,0
DA:40,0
DA:41,0
DA:47,0
DA:48,0
DA:55,4
DA:57,0
DA:59,0
DA:60,0
DA:61,0
DA:62,0
DA:66,0
DA:67,0
DA:71,0
DA:77,0
DA:78,0
DA:82,0
DA:83,0
DA:84,0
DA:85,0
DA:91,0
DA:92,0
DA:100,4
DA:101,0
DA:102,0
DA:104,0
DA:105,0
DA:111,0
DA:112,0
DA:120,4
LF:44
LH:5
BRDA:11,0,0,0
BRDA:11,0,1,0
BRDA:16,1,0,0
BRDA:16,1,1,0
BRDA:23,2,0,0
BRDA:23,2,1,0
BRDA:30,3,0,0
BRDA:30,3,1,0
BRDA:35,4,0,0
BRDA:35,4,1,0
BRDA:61,5,0,0
BRDA:61,5,1,0
BRDA:66,6,0,0
BRDA:66,6,1,0
BRDA:77,7,0,0
BRDA:77,7,1,0
BRDA:82,8,0,0
BRDA:82,8,1,0
BRF:18
BRH:0
end_of_record
TN:
SF:controllers/typealert.controller.js
FN:3,(anonymous_0)
FN:33,(anonymous_1)
FN:51,(anonymous_2)
FN:74,(anonymous_3)
FN:98,(anonymous_4)
FNF:5
FNH:0
FNDA:0,(anonymous_0)
FNDA:0,(anonymous_1)
FNDA:0,(anonymous_2)
FNDA:0,(anonymous_3)
FNDA:0,(anonymous_4)
DA:1,4
DA:3,4
DA:5,0
DA:6,0
DA:7,0
DA:8,0
DA:9,0
DA:13,0
DA:17,0
DA:18,0
DA:24,0
DA:25,0
DA:33,4
DA:34,0
DA:35,0
DA:36,0
DA:42,0
DA:43,0
DA:51,4
DA:52,0
DA:53,0
DA:54,0
DA:55,0
DA:59,0
DA:65,0
DA:66,0
DA:74,4
DA:75,0
DA:76,0
DA:77,0
DA:78,0
DA:82,0
DA:89,0
DA:90,0
DA:98,4
DA:99,0
DA:100,0
DA:101,0
DA:102,0
DA:103,0
DA:104,0
DA:105,0
DA:106,0
DA:110,0
DA:111,0
DA:118,0
DA:119,0
DA:127,4
LF:48
LH:7
BRDA:9,0,0,0
BRDA:9,0,1,0
BRDA:55,1,0,0
BRDA:55,1,1,0
BRDA:78,2,0,0
BRDA:78,2,1,0
BRDA:103,3,0,0
BRDA:103,3,1,0
BRDA:106,4,0,0
BRDA:106,4,1,0
BRF:10
BRH:0
end_of_record
TN:
SF:controllers/upi.controller.js
FN:5,(anonymous_0)
FN:55,(anonymous_1)
FN:100,(anonymous_2)
FNF:3
FNH:0
FNDA:0,(anonymous_0)
FNDA:0,(anonymous_1)
FNDA:0,(anonymous_2)
DA:3,4
DA:5,4
DA:7,0
DA:9,0
DA:10,0
DA:11,0
DA:12,0
DA:16,0
DA:17,0
DA:21,0
DA:22,0
DA:23,0
DA:24,0
DA:30,0
DA:35,0
DA:40,0
DA:41,0
DA:47,0
DA:48,0
DA:55,4
DA:57,0
DA:59,0
DA:60,0
DA:61,0
DA:62,0
DA:66,0
DA:67,0
DA:71,0
DA:77,0
DA:78,0
DA:82,0
DA:83,0
DA:84,0
DA:85,0
DA:91,0
DA:92,0
DA:100,4
DA:101,0
DA:102,0
DA:104,0
DA:105,0
DA:111,0
DA:112,0
DA:120,4
LF:44
LH:5
BRDA:11,0,0,0
BRDA:11,0,1,0
BRDA:16,1,0,0
BRDA:16,1,1,0
BRDA:23,2,0,0
BRDA:23,2,1,0
BRDA:30,3,0,0
BRDA:30,3,1,0
BRDA:35,4,0,0
BRDA:35,4,1,0
BRDA:61,5,0,0
BRDA:61,5,1,0
BRDA:66,6,0,0
BRDA:66,6,1,0
BRDA:77,7,0,0
BRDA:77,7,1,0
BRDA:82,8,0,0
BRDA:82,8,1,0
BRF:18
BRH:0
end_of_record
TN:
SF:controllers/user.controller.js
FN:9,(anonymous_0)
FN:46,(anonymous_1)
FN:85,(anonymous_2)
FN:109,(anonymous_3)
FN:132,(anonymous_4)
FNF:5
FNH:2
FNDA:2,(anonymous_0)
FNDA:1,(anonymous_1)
FNDA:0,(anonymous_2)
FNDA:0,(anonymous_3)
FNDA:0,(anonymous_4)
DA:3,4
DA:4,4
DA:6,4
DA:9,4
DA:11,2
DA:12,2
DA:13,2
DA:14,2
DA:19,1
DA:21,1
DA:28,1
DA:30,1
DA:31,1
DA:37,0
DA:38,0
DA:46,4
DA:47,1
DA:48,1
DA:50,1
DA:51,1
DA:53,1
DA:58,1
DA:60,1
DA:65,1
DA:67,1
DA:76,0
DA:77,0
DA:85,4
DA:87,0
DA:88,0
DA:89,0
DA:90,0
DA:91,0
DA:95,0
DA:100,0
DA:101,0
DA:109,4
DA:110,0
DA:111,0
DA:112,0
DA:113,0
DA:117,0
DA:123,0
DA:124,0
DA:132,4
DA:133,0
DA:134,0
DA:136,0
DA:138,0
DA:140,0
DA:141,0
DA:142,0
DA:143,0
DA:144,0
DA:145,0
DA:146,0
DA:148,0
DA:150,0
DA:151,0
DA:152,0
DA:157,0
DA:158,0
DA:165,0
DA:166,0
DA:175,4
LF:65
LH:27
BRDA:14,0,0,1
BRDA:14,0,1,1
BRDA:53,1,0,0
BRDA:53,1,1,1
BRDA:60,2,0,0
BRDA:60,2,1,1
BRDA:91,3,0,0
BRDA:91,3,1,0
BRDA:113,4,0,0
BRDA:113,4,1,0
BRDA:141,5,0,0
BRDA:141,5,1,0
BRDA:142,6,0,0
BRDA:142,6,1,0
BRDA:143,7,0,0
BRDA:143,7,1,0
BRDA:144,8,0,0
BRDA:144,8,1,0
BRDA:152,9,0,0
BRDA:152,9,1,0
BRF:20
BRH:4
end_of_record
TN:
SF:controllers/vacunaFiebre.controller.js
FN:5,(anonymous_0)
FN:55,(anonymous_1)
FN:100,(anonymous_2)
FNF:3
FNH:0
FNDA:0,(anonymous_0)
FNDA:0,(anonymous_1)
FNDA:0,(anonymous_2)
DA:3,4
DA:5,4
DA:7,0
DA:9,0
DA:10,0
DA:11,0
DA:12,0
DA:16,0
DA:17,0
DA:21,0
DA:22,0
DA:23,0
DA:24,0
DA:30,0
DA:35,0
DA:40,0
DA:41,0
DA:47,0
DA:48,0
DA:55,4
DA:57,0
DA:59,0
DA:60,0
DA:61,0
DA:62,0
DA:66,0
DA:67,0
DA:71,0
DA:77,0
DA:78,0
DA:82,0
DA:83,0
DA:84,0
DA:85,0
DA:91,0
DA:92,0
DA:100,4
DA:101,0
DA:102,0
DA:104,0
DA:105,0
DA:111,0
DA:112,0
DA:120,4
LF:44
LH:5
BRDA:11,0,0,0
BRDA:11,0,1,0
BRDA:16,1,0,0
BRDA:16,1,1,0
BRDA:23,2,0,0
BRDA:23,2,1,0
BRDA:30,3,0,0
BRDA:30,3,1,0
BRDA:35,4,0,0
BRDA:35,4,1,0
BRDA:61,5,0,0
BRDA:61,5,1,0
BRDA:66,6,0,0
BRDA:66,6,1,0
BRDA:77,7,0,0
BRDA:77,7,1,0
BRDA:82,8,0,0
BRDA:82,8,1,0
BRF:18
BRH:0
end_of_record
TN:
SF:db/config.js
FN:5,(anonymous_0)
FNF:1
FNH:1
FNDA:4,(anonymous_0)
DA:1,4
DA:3,4
DA:5,4
DA:6,4
DA:7,4
DA:8,4
DA:10,0
DA:14,4
LF:8
LH:7
BRF:0
BRH:0
end_of_record
TN:
SF:middlerwares/jwtGenerate.js
FN:4,(anonymous_0)
FNF:1
FNH:1
FNDA:1,(anonymous_0)
DA:1,4
DA:4,4
DA:6,1
DA:8,1
DA:10,1
DA:11,1
DA:17,0
DA:19,1
DA:21,1
DA:25,4
LF:10
LH:9
BRDA:4,0,0,0
BRF:1
BRH:0
end_of_record
TN:
SF:middlerwares/validateToken.js
FN:3,(anonymous_0)
FNF:1
FNH:0
FNDA:0,(anonymous_0)
DA:1,4
DA:3,4
DA:6,0
DA:7,0
DA:9,0
DA:14,0
DA:15,0
DA:17,0
DA:18,0
DA:19,0
DA:21,0
DA:23,0
DA:24,0
DA:32,4
LF:14
LH:3
BRDA:9,0,0,0
BRDA:9,0,1,0
BRF:2
BRH:0
end_of_record
TN:
SF:middlerwares/validationBody.js
FNF:0
FNH:0
DA:1,4
DA:4,4
DA:11,4
LF:3
LH:3
BRF:0
BRH:0
end_of_record
TN:
SF:middlerwares/validationResult.js
FN:3,(anonymous_0)
FNF:1
FNH:1
FNDA:2,(anonymous_0)
DA:1,4
DA:3,4
DA:4,2
DA:5,2
DA:6,0
DA:12,2
DA:15,4
LF:7
LH:6
BRDA:5,0,0,0
BRDA:5,0,1,2
BRF:2
BRH:1
end_of_record
TN:
SF:models/Alert.js
FNF:0
FNH:0
DA:1,4
DA:3,4
DA:34,4
LF:3
LH:3
BRF:0
BRH:0
end_of_record
TN:
SF:models/BancoSangre.js
FNF:0
FNH:0
DA:1,4
DA:5,4
DA:15,4
DA:21,4
DA:31,4
DA:38,4
DA:45,4
LF:7
LH:7
BRF:0
BRH:0
end_of_record
TN:
SF:models/ConsultorioMedico.js
FNF:0
FNH:0
DA:1,4
DA:5,4
DA:15,4
DA:21,4
DA:33,4
DA:40,4
DA:47,4
LF:7
LH:7
BRF:0
BRH:0
end_of_record
TN:
SF:models/EntidadFarmaceutica.js
FNF:0
FNH:0
DA:1,4
DA:5,4
DA:15,4
DA:21,4
DA:35,4
DA:42,4
DA:49,4
LF:7
LH:7
BRF:0
BRH:0
end_of_record
TN:
SF:models/Eps.js
FNF:0
FNH:0
DA:1,4
DA:5,4
DA:13,4
DA:19,4
DA:30,4
DA:37,4
DA:44,4
LF:7
LH:7
BRF:0
BRH:0
end_of_record
TN:
SF:models/Incident.js
FNF:0
FNH:0
DA:1,4
DA:3,4
DA:39,4
LF:3
LH:3
BRF:0
BRH:0
end_of_record
TN:
SF:models/Ips.js
FNF:0
FNH:0
DA:1,4
DA:5,4
DA:15,4
DA:21,4
DA:52,4
DA:59,4
DA:66,4
LF:7
LH:7
BRF:0
BRH:0
end_of_record
TN:
SF:models/RedAdscritaSalud.js
FNF:0
FNH:0
DA:1,4
DA:5,4
DA:15,4
DA:21,4
DA:26,4
DA:33,4
DA:40,4
LF:7
LH:7
BRF:0
BRH:0
end_of_record
TN:
SF:models/ServicioTransfusionSanguinea.js
FNF:0
FNH:0
DA:1,4
DA:5,4
DA:15,4
DA:21,4
DA:31,4
DA:38,4
DA:45,4
LF:7
LH:7
BRF:0
BRH:0
end_of_record
TN:
SF:models/TransporteEspecialPaciente.js
FNF:0
FNH:0
DA:1,4
DA:4,4
DA:17,4
LF:3
LH:3
BRF:0
BRH:0
end_of_record
TN:
SF:models/TypeAlert.js
FNF:0
FNH:0
DA:1,4
DA:3,4
DA:11,4
LF:3
LH:3
BRF:0
BRH:0
end_of_record
TN:
SF:models/Upi.js
FNF:0
FNH:0
DA:1,4
DA:5,4
DA:11,4
DA:17,4
DA:52,4
DA:59,4
DA:66,4
LF:7
LH:7
BRF:0
BRH:0
end_of_record
TN:
SF:models/User.js
FNF:0
FNH:0
DA:1,4
DA:3,4
DA:23,4
LF:3
LH:3
BRF:0
BRH:0
end_of_record
TN:
SF:models/VacunaFiebre.js
FNF:0
FNH:0
DA:1,4
DA:5,4
DA:11,4
DA:17,4
DA:30,4
DA:37,4
DA:44,4
LF:7
LH:7
BRF:0
BRH:0
end_of_record
TN:
SF:routes/alert.routes.js
FNF:0
FNH:0
DA:2,4
DA:5,4
DA:6,4
DA:9,4
DA:15,4
DA:18,4
DA:21,4
DA:24,4
DA:27,4
DA:30,4
DA:33,4
LF:11
LH:11
BRF:0
BRH:0
end_of_record
TN:
SF:routes/api.routes.js
FNF:0
FNH:0
DA:1,4
DA:2,4
DA:4,4
DA:5,4
DA:6,4
DA:7,4
DA:9,4
DA:10,4
DA:11,4
DA:12,4
DA:13,4
DA:14,4
DA:15,4
DA:16,4
DA:17,4
DA:18,4
DA:19,4
DA:22,4
DA:23,4
DA:24,4
DA:25,4
DA:28,4
DA:29,4
DA:30,4
DA:31,4
DA:32,4
DA:33,4
DA:34,4
DA:35,4
DA:36,4
DA:37,4
DA:38,4
DA:42,4
LF:33
LH:33
BRF:0
BRH:0
end_of_record
TN:
SF:routes/bancoSangre.routes.js
FNF:0
FNH:0
DA:1,4
DA:4,4
DA:7,4
DA:10,4
DA:14,4
DA:15,4
DA:16,4
DA:18,4
LF:8
LH:8
BRF:0
BRH:0
end_of_record
TN:
SF:routes/collectionsController.routes.js
FNF:0
FNH:0
DA:1,4
DA:3,4
DA:4,4
DA:6,4
DA:8,4
LF:5
LH:5
BRF:0
BRH:0
end_of_record
TN:
SF:routes/consultorioMedico.routes.js
FNF:0
FNH:0
DA:1,4
DA:4,4
DA:7,4
DA:10,4
DA:14,4
DA:15,4
DA:16,4
DA:18,4
LF:8
LH:8
BRF:0
BRH:0
end_of_record
TN:
SF:routes/entidadFarmaceutica.routes.js
FNF:0
FNH:0
DA:1,4
DA:4,4
DA:7,4
DA:10,4
DA:14,4
DA:15,4
DA:16,4
DA:18,4
LF:8
LH:8
BRF:0
BRH:0
end_of_record
TN:
SF:routes/eps.routes.js
FNF:0
FNH:0
DA:1,4
DA:4,4
DA:5,4
DA:8,4
DA:9,4
DA:10,4
DA:12,4
LF:7
LH:7
BRF:0
BRH:0
end_of_record
TN:
SF:routes/incident.routes.js
FNF:0
FNH:0
DA:2,4
DA:5,4
DA:6,4
DA:9,4
DA:15,4
DA:18,4
DA:21,4
DA:24,4
DA:27,4
DA:30,4
LF:10
LH:10
BRF:0
BRH:0
end_of_record
TN:
SF:routes/ips.routes.js
FNF:0
FNH:0
DA:1,4
DA:4,4
DA:7,4
DA:10,4
DA:14,4
DA:15,4
DA:16,4
DA:18,4
LF:8
LH:8
BRF:0
BRH:0
end_of_record
TN:
SF:routes/redAdscritaSalud.routes.js
FNF:0
FNH:0
DA:1,4
DA:4,4
DA:7,4
DA:10,4
DA:14,4
DA:15,4
DA:16,4
DA:18,4
LF:8
LH:8
BRF:0
BRH:0
end_of_record
TN:
SF:routes/servicioTransfusionSanguinea.routes.js
FNF:0
FNH:0
DA:1,4
DA:4,4
DA:7,4
DA:10,4
DA:14,4
DA:15,4
DA:16,4
DA:18,4
LF:8
LH:8
BRF:0
BRH:0
end_of_record
TN:
SF:routes/transporteEspecialPaciente.routes.js
FNF:0
FNH:0
DA:1,4
DA:4,4
DA:7,4
DA:10,4
DA:14,4
DA:15,4
DA:16,4
DA:18,4
LF:8
LH:8
BRF:0
BRH:0
end_of_record
TN:
SF:routes/typealert.routes.js
FNF:0
FNH:0
DA:1,4
DA:4,4
DA:5,4
DA:8,4
DA:14,4
DA:17,4
DA:20,4
DA:23,4
DA:26,4
DA:28,4
LF:10
LH:10
BRF:0
BRH:0
end_of_record
TN:
SF:routes/upi.routes.js
FNF:0
FNH:0
DA:1,4
DA:4,4
DA:7,4
DA:10,4
DA:14,4
DA:15,4
DA:16,4
DA:18,4
LF:8
LH:8
BRF:0
BRH:0
end_of_record
TN:
SF:routes/user.routes.js
FNF:0
FNH:0
DA:1,4
DA:4,4
DA:9,4
DA:13,4
DA:16,4
DA:17,4
DA:20,4
DA:24,4
DA:27,4
DA:30,4
DA:33,4
DA:35,4
LF:12
LH:12
BRF:0
BRH:0
end_of_record
TN:
SF:routes/vacunaFiebre.routes.js
FNF:0
FNH:0
DA:1,4
DA:4,4
DA:7,4
DA:10,4
DA:14,4
DA:15,4
DA:16,4
DA:18,4
LF:8
LH:8
BRF:0
BRH:0
end_of_record
